ninja: Entering directory `/home/june/Desktop/kid-plus-soda/lib/junebug/platforms/android/app/.cxx/Debug/1m5g5x44/arm64-v8a'
[1/33] Building CXX object JunebugGame/lib/junebug/CMakeFiles/junebug.dir/src/Color.cpp.o
FAILED: JunebugGame/lib/junebug/CMakeFiles/junebug.dir/src/Color.cpp.o 
/home/june/Android/Sdk/ndk/21.4.7075529/toolchains/llvm/prebuilt/linux-x86_64/bin/clang++ --target=aarch64-none-linux-android21 --gcc-toolchain=/home/june/Android/Sdk/ndk/21.4.7075529/toolchains/llvm/prebuilt/linux-x86_64 --sysroot=/home/june/Android/Sdk/ndk/21.4.7075529/toolchains/llvm/prebuilt/linux-x86_64/sysroot  -DSDL_JOYSTICK=0 -I../../../../../../../plugins/discord -I../../../../../../../include -I../../../../../../../lib/SDL_FontCache -I../../../../../../../lib/rapidjson/include -I../../../../../../../src -I/usr/include/SDL2 -I/usr/include/libpng16 -I/usr/include/x86_64-linux-gnu -I../../../../../../../lib/discord_game_sdk -g -DANDROID -fdata-sections -ffunction-sections -funwind-tables -fstack-protector-strong -no-canonical-prefixes -D_FORTIFY_SOURCE=2 -Wformat -Werror=format-security   -O0 -fno-limit-debug-info  -fPIC   -std=gnu++1z -MD -MT JunebugGame/lib/junebug/CMakeFiles/junebug.dir/src/Color.cpp.o -MF JunebugGame/lib/junebug/CMakeFiles/junebug.dir/src/Color.cpp.o.d -o JunebugGame/lib/junebug/CMakeFiles/junebug.dir/src/Color.cpp.o -c /home/june/Desktop/kid-plus-soda/lib/junebug/src/Color.cpp
In file included from /home/june/Desktop/kid-plus-soda/lib/junebug/src/Color.cpp:1:
../../../../../../../include/Color.h:3:10: fatal error: 'SDL2/SDL.h' file not found
#include "SDL2/SDL.h"
         ^~~~~~~~~~~~
1 error generated.
[2/33] Building CXX object JunebugGame/lib/junebug/CMakeFiles/junebug.dir/src/MathLib.cpp.o
FAILED: JunebugGame/lib/junebug/CMakeFiles/junebug.dir/src/MathLib.cpp.o 
/home/june/Android/Sdk/ndk/21.4.7075529/toolchains/llvm/prebuilt/linux-x86_64/bin/clang++ --target=aarch64-none-linux-android21 --gcc-toolchain=/home/june/Android/Sdk/ndk/21.4.7075529/toolchains/llvm/prebuilt/linux-x86_64 --sysroot=/home/june/Android/Sdk/ndk/21.4.7075529/toolchains/llvm/prebuilt/linux-x86_64/sysroot  -DSDL_JOYSTICK=0 -I../../../../../../../plugins/discord -I../../../../../../../include -I../../../../../../../lib/SDL_FontCache -I../../../../../../../lib/rapidjson/include -I../../../../../../../src -I/usr/include/SDL2 -I/usr/include/libpng16 -I/usr/include/x86_64-linux-gnu -I../../../../../../../lib/discord_game_sdk -g -DANDROID -fdata-sections -ffunction-sections -funwind-tables -fstack-protector-strong -no-canonical-prefixes -D_FORTIFY_SOURCE=2 -Wformat -Werror=format-security   -O0 -fno-limit-debug-info  -fPIC   -std=gnu++1z -MD -MT JunebugGame/lib/junebug/CMakeFiles/junebug.dir/src/MathLib.cpp.o -MF JunebugGame/lib/junebug/CMakeFiles/junebug.dir/src/MathLib.cpp.o.d -o JunebugGame/lib/junebug/CMakeFiles/junebug.dir/src/MathLib.cpp.o -c /home/june/Desktop/kid-plus-soda/lib/junebug/src/MathLib.cpp
In file included from /home/june/Desktop/kid-plus-soda/lib/junebug/src/MathLib.cpp:1:
In file included from ../../../../../../../include/MathLib.h:12:
In file included from /home/june/Android/Sdk/ndk/21.4.7075529/toolchains/llvm/prebuilt/linux-x86_64/sysroot/usr/include/c++/v1/cmath:303:
In file included from /home/june/Android/Sdk/ndk/21.4.7075529/toolchains/llvm/prebuilt/linux-x86_64/sysroot/usr/include/c++/v1/__config:215:
In file included from /home/june/Android/Sdk/ndk/21.4.7075529/toolchains/llvm/prebuilt/linux-x86_64/sysroot/usr/include/features.h:36:
/usr/include/x86_64-linux-gnu/sys/cdefs.h:64:6: error: function-like macro '__GNUC_PREREQ' is not defined
# if __GNUC_PREREQ (4, 6) && !defined _LIBC
     ^
/usr/include/x86_64-linux-gnu/sys/cdefs.h:78:10: error: function-like macro '__GNUC_PREREQ' is not defined
     && (__GNUC_PREREQ (3, 4) || __glibc_has_attribute (__nothrow__))
         ^
/usr/include/x86_64-linux-gnu/sys/cdefs.h:84:31: error: function-like macro '__GNUC_PREREQ' is not defined
#  if defined __cplusplus && (__GNUC_PREREQ (2,8) || __clang_major >= 4)
                              ^
/usr/include/x86_64-linux-gnu/sys/cdefs.h:146:34: error: function-like macro '__glibc_clang_prereq' is not defined
#if __USE_FORTIFY_LEVEL == 3 && (__glibc_clang_prereq (9, 0)                  \
                                 ^
/usr/include/x86_64-linux-gnu/sys/cdefs.h:202:5: error: function-like macro '__GNUC_PREREQ' is not defined
#if __GNUC_PREREQ (4,3)
    ^
/usr/include/x86_64-linux-gnu/sys/cdefs.h:218:7: error: function-like macro '__GNUC_PREREQ' is not defined
#elif __GNUC_PREREQ (2,97) || defined __clang__
      ^
/usr/include/x86_64-linux-gnu/sys/cdefs.h:280:5: error: function-like macro '__GNUC_PREREQ' is not defined
#if __GNUC_PREREQ (2,96) || __glibc_has_attribute (__malloc__)
    ^
/usr/include/x86_64-linux-gnu/sys/cdefs.h:288:5: error: function-like macro '__GNUC_PREREQ' is not defined
#if __GNUC_PREREQ (4, 3)
    ^
/usr/include/x86_64-linux-gnu/sys/cdefs.h:297:5: error: function-like macro '__GNUC_PREREQ' is not defined
#if __GNUC_PREREQ (4, 9) || __glibc_has_attribute (__alloc_align__)
    ^
/usr/include/x86_64-linux-gnu/sys/cdefs.h:307:5: error: function-like macro '__GNUC_PREREQ' is not defined
#if __GNUC_PREREQ (2,96) || __glibc_has_attribute (__pure__)
    ^
/usr/include/x86_64-linux-gnu/sys/cdefs.h:314:5: error: function-like macro '__GNUC_PREREQ' is not defined
#if __GNUC_PREREQ (2,5) || __glibc_has_attribute (__const__)
    ^
/usr/include/x86_64-linux-gnu/sys/cdefs.h:320:5: error: function-like macro '__GNUC_PREREQ' is not defined
#if __GNUC_PREREQ (2,7) || __glibc_has_attribute (__unused__)
    ^
/usr/include/x86_64-linux-gnu/sys/cdefs.h:329:5: error: function-like macro '__GNUC_PREREQ' is not defined
#if __GNUC_PREREQ (3,1) || __glibc_has_attribute (__used__)
    ^
/usr/include/x86_64-linux-gnu/sys/cdefs.h:338:5: error: function-like macro '__GNUC_PREREQ' is not defined
#if __GNUC_PREREQ (3,2) || __glibc_has_attribute (__deprecated__)
    ^
/usr/include/x86_64-linux-gnu/sys/cdefs.h:347:5: error: function-like macro '__GNUC_PREREQ' is not defined
#if __GNUC_PREREQ (4,5) \
    ^
/usr/include/x86_64-linux-gnu/sys/cdefs.h:361:5: error: function-like macro '__GNUC_PREREQ' is not defined
#if __GNUC_PREREQ (2,8) || __glibc_has_attribute (__format_arg__)
    ^
/usr/include/x86_64-linux-gnu/sys/cdefs.h:371:5: error: function-like macro '__GNUC_PREREQ' is not defined
#if __GNUC_PREREQ (2,97) || __glibc_has_attribute (__format__)
    ^
/usr/include/x86_64-linux-gnu/sys/cdefs.h:383:6: error: function-like macro '__GNUC_PREREQ' is not defined
# if __GNUC_PREREQ (3,3) || __glibc_has_attribute (__nonnull__)
     ^
/usr/include/x86_64-linux-gnu/sys/cdefs.h:396:6: error: function-like macro '__GNUC_PREREQ' is not defined
# if __GNUC_PREREQ (4, 9) || __glibc_has_attribute (__returns_nonnull__)
     ^
fatal error: too many errors emitted, stopping now [-ferror-limit=]
20 errors generated.
[3/33] Building CXX object JunebugGame/lib/junebug/CMakeFiles/junebug.dir/src/RandLib.cpp.o
FAILED: JunebugGame/lib/junebug/CMakeFiles/junebug.dir/src/RandLib.cpp.o 
/home/june/Android/Sdk/ndk/21.4.7075529/toolchains/llvm/prebuilt/linux-x86_64/bin/clang++ --target=aarch64-none-linux-android21 --gcc-toolchain=/home/june/Android/Sdk/ndk/21.4.7075529/toolchains/llvm/prebuilt/linux-x86_64 --sysroot=/home/june/Android/Sdk/ndk/21.4.7075529/toolchains/llvm/prebuilt/linux-x86_64/sysroot  -DSDL_JOYSTICK=0 -I../../../../../../../plugins/discord -I../../../../../../../include -I../../../../../../../lib/SDL_FontCache -I../../../../../../../lib/rapidjson/include -I../../../../../../../src -I/usr/include/SDL2 -I/usr/include/libpng16 -I/usr/include/x86_64-linux-gnu -I../../../../../../../lib/discord_game_sdk -g -DANDROID -fdata-sections -ffunction-sections -funwind-tables -fstack-protector-strong -no-canonical-prefixes -D_FORTIFY_SOURCE=2 -Wformat -Werror=format-security   -O0 -fno-limit-debug-info  -fPIC   -std=gnu++1z -MD -MT JunebugGame/lib/junebug/CMakeFiles/junebug.dir/src/RandLib.cpp.o -MF JunebugGame/lib/junebug/CMakeFiles/junebug.dir/src/RandLib.cpp.o.d -o JunebugGame/lib/junebug/CMakeFiles/junebug.dir/src/RandLib.cpp.o -c /home/june/Desktop/kid-plus-soda/lib/junebug/src/RandLib.cpp
In file included from /home/june/Desktop/kid-plus-soda/lib/junebug/src/RandLib.cpp:9:
In file included from ../../../../../../../include/RandLib.h:10:
In file included from /home/june/Android/Sdk/ndk/21.4.7075529/toolchains/llvm/prebuilt/linux-x86_64/sysroot/usr/include/c++/v1/random:1634:
In file included from /home/june/Android/Sdk/ndk/21.4.7075529/toolchains/llvm/prebuilt/linux-x86_64/sysroot/usr/include/c++/v1/__config:215:
In file included from /home/june/Android/Sdk/ndk/21.4.7075529/toolchains/llvm/prebuilt/linux-x86_64/sysroot/usr/include/features.h:36:
/usr/include/x86_64-linux-gnu/sys/cdefs.h:64:6: error: function-like macro '__GNUC_PREREQ' is not defined
# if __GNUC_PREREQ (4, 6) && !defined _LIBC
     ^
/usr/include/x86_64-linux-gnu/sys/cdefs.h:78:10: error: function-like macro '__GNUC_PREREQ' is not defined
     && (__GNUC_PREREQ (3, 4) || __glibc_has_attribute (__nothrow__))
         ^
/usr/include/x86_64-linux-gnu/sys/cdefs.h:84:31: error: function-like macro '__GNUC_PREREQ' is not defined
#  if defined __cplusplus && (__GNUC_PREREQ (2,8) || __clang_major >= 4)
                              ^
/usr/include/x86_64-linux-gnu/sys/cdefs.h:146:34: error: function-like macro '__glibc_clang_prereq' is not defined
#if __USE_FORTIFY_LEVEL == 3 && (__glibc_clang_prereq (9, 0)                  \
                                 ^
/usr/include/x86_64-linux-gnu/sys/cdefs.h:202:5: error: function-like macro '__GNUC_PREREQ' is not defined
#if __GNUC_PREREQ (4,3)
    ^
/usr/include/x86_64-linux-gnu/sys/cdefs.h:218:7: error: function-like macro '__GNUC_PREREQ' is not defined
#elif __GNUC_PREREQ (2,97) || defined __clang__
      ^
/usr/include/x86_64-linux-gnu/sys/cdefs.h:280:5: error: function-like macro '__GNUC_PREREQ' is not defined
#if __GNUC_PREREQ (2,96) || __glibc_has_attribute (__malloc__)
    ^
/usr/include/x86_64-linux-gnu/sys/cdefs.h:288:5: error: function-like macro '__GNUC_PREREQ' is not defined
#if __GNUC_PREREQ (4, 3)
    ^
/usr/include/x86_64-linux-gnu/sys/cdefs.h:297:5: error: function-like macro '__GNUC_PREREQ' is not defined
#if __GNUC_PREREQ (4, 9) || __glibc_has_attribute (__alloc_align__)
    ^
/usr/include/x86_64-linux-gnu/sys/cdefs.h:307:5: error: function-like macro '__GNUC_PREREQ' is not defined
#if __GNUC_PREREQ (2,96) || __glibc_has_attribute (__pure__)
    ^
/usr/include/x86_64-linux-gnu/sys/cdefs.h:314:5: error: function-like macro '__GNUC_PREREQ' is not defined
#if __GNUC_PREREQ (2,5) || __glibc_has_attribute (__const__)
    ^
/usr/include/x86_64-linux-gnu/sys/cdefs.h:320:5: error: function-like macro '__GNUC_PREREQ' is not defined
#if __GNUC_PREREQ (2,7) || __glibc_has_attribute (__unused__)
    ^
/usr/include/x86_64-linux-gnu/sys/cdefs.h:329:5: error: function-like macro '__GNUC_PREREQ' is not defined
#if __GNUC_PREREQ (3,1) || __glibc_has_attribute (__used__)
    ^
/usr/include/x86_64-linux-gnu/sys/cdefs.h:338:5: error: function-like macro '__GNUC_PREREQ' is not defined
#if __GNUC_PREREQ (3,2) || __glibc_has_attribute (__deprecated__)
    ^
/usr/include/x86_64-linux-gnu/sys/cdefs.h:347:5: error: function-like macro '__GNUC_PREREQ' is not defined
#if __GNUC_PREREQ (4,5) \
    ^
/usr/include/x86_64-linux-gnu/sys/cdefs.h:361:5: error: function-like macro '__GNUC_PREREQ' is not defined
#if __GNUC_PREREQ (2,8) || __glibc_has_attribute (__format_arg__)
    ^
/usr/include/x86_64-linux-gnu/sys/cdefs.h:371:5: error: function-like macro '__GNUC_PREREQ' is not defined
#if __GNUC_PREREQ (2,97) || __glibc_has_attribute (__format__)
    ^
/usr/include/x86_64-linux-gnu/sys/cdefs.h:383:6: error: function-like macro '__GNUC_PREREQ' is not defined
# if __GNUC_PREREQ (3,3) || __glibc_has_attribute (__nonnull__)
     ^
/usr/include/x86_64-linux-gnu/sys/cdefs.h:396:6: error: function-like macro '__GNUC_PREREQ' is not defined
# if __GNUC_PREREQ (4, 9) || __glibc_has_attribute (__returns_nonnull__)
     ^
fatal error: too many errors emitted, stopping now [-ferror-limit=]
20 errors generated.
[4/33] Building CXX object JunebugGame/lib/junebug/CMakeFiles/junebug.dir/src/Utils/Utils.cpp.o
FAILED: JunebugGame/lib/junebug/CMakeFiles/junebug.dir/src/Utils/Utils.cpp.o 
/home/june/Android/Sdk/ndk/21.4.7075529/toolchains/llvm/prebuilt/linux-x86_64/bin/clang++ --target=aarch64-none-linux-android21 --gcc-toolchain=/home/june/Android/Sdk/ndk/21.4.7075529/toolchains/llvm/prebuilt/linux-x86_64 --sysroot=/home/june/Android/Sdk/ndk/21.4.7075529/toolchains/llvm/prebuilt/linux-x86_64/sysroot  -DSDL_JOYSTICK=0 -I../../../../../../../plugins/discord -I../../../../../../../include -I../../../../../../../lib/SDL_FontCache -I../../../../../../../lib/rapidjson/include -I../../../../../../../src -I/usr/include/SDL2 -I/usr/include/libpng16 -I/usr/include/x86_64-linux-gnu -I../../../../../../../lib/discord_game_sdk -g -DANDROID -fdata-sections -ffunction-sections -funwind-tables -fstack-protector-strong -no-canonical-prefixes -D_FORTIFY_SOURCE=2 -Wformat -Werror=format-security   -O0 -fno-limit-debug-info  -fPIC   -std=gnu++1z -MD -MT JunebugGame/lib/junebug/CMakeFiles/junebug.dir/src/Utils/Utils.cpp.o -MF JunebugGame/lib/junebug/CMakeFiles/junebug.dir/src/Utils/Utils.cpp.o.d -o JunebugGame/lib/junebug/CMakeFiles/junebug.dir/src/Utils/Utils.cpp.o -c /home/june/Desktop/kid-plus-soda/lib/junebug/src/Utils/Utils.cpp
In file included from /home/june/Desktop/kid-plus-soda/lib/junebug/src/Utils/Utils.cpp:1:
In file included from ../../../../../../../include/Utils.h:6:
In file included from ../../../../../../../include/MathLib.h:12:
In file included from /home/june/Android/Sdk/ndk/21.4.7075529/toolchains/llvm/prebuilt/linux-x86_64/sysroot/usr/include/c++/v1/cmath:303:
In file included from /home/june/Android/Sdk/ndk/21.4.7075529/toolchains/llvm/prebuilt/linux-x86_64/sysroot/usr/include/c++/v1/__config:215:
In file included from /home/june/Android/Sdk/ndk/21.4.7075529/toolchains/llvm/prebuilt/linux-x86_64/sysroot/usr/include/features.h:36:
/usr/include/x86_64-linux-gnu/sys/cdefs.h:64:6: error: function-like macro '__GNUC_PREREQ' is not defined
# if __GNUC_PREREQ (4, 6) && !defined _LIBC
     ^
/usr/include/x86_64-linux-gnu/sys/cdefs.h:78:10: error: function-like macro '__GNUC_PREREQ' is not defined
     && (__GNUC_PREREQ (3, 4) || __glibc_has_attribute (__nothrow__))
         ^
/usr/include/x86_64-linux-gnu/sys/cdefs.h:84:31: error: function-like macro '__GNUC_PREREQ' is not defined
#  if defined __cplusplus && (__GNUC_PREREQ (2,8) || __clang_major >= 4)
                              ^
/usr/include/x86_64-linux-gnu/sys/cdefs.h:146:34: error: function-like macro '__glibc_clang_prereq' is not defined
#if __USE_FORTIFY_LEVEL == 3 && (__glibc_clang_prereq (9, 0)                  \
                                 ^
/usr/include/x86_64-linux-gnu/sys/cdefs.h:202:5: error: function-like macro '__GNUC_PREREQ' is not defined
#if __GNUC_PREREQ (4,3)
    ^
/usr/include/x86_64-linux-gnu/sys/cdefs.h:218:7: error: function-like macro '__GNUC_PREREQ' is not defined
#elif __GNUC_PREREQ (2,97) || defined __clang__
      ^
/usr/include/x86_64-linux-gnu/sys/cdefs.h:280:5: error: function-like macro '__GNUC_PREREQ' is not defined
#if __GNUC_PREREQ (2,96) || __glibc_has_attribute (__malloc__)
    ^
/usr/include/x86_64-linux-gnu/sys/cdefs.h:288:5: error: function-like macro '__GNUC_PREREQ' is not defined
#if __GNUC_PREREQ (4, 3)
    ^
/usr/include/x86_64-linux-gnu/sys/cdefs.h:297:5: error: function-like macro '__GNUC_PREREQ' is not defined
#if __GNUC_PREREQ (4, 9) || __glibc_has_attribute (__alloc_align__)
    ^
/usr/include/x86_64-linux-gnu/sys/cdefs.h:307:5: error: function-like macro '__GNUC_PREREQ' is not defined
#if __GNUC_PREREQ (2,96) || __glibc_has_attribute (__pure__)
    ^
/usr/include/x86_64-linux-gnu/sys/cdefs.h:314:5: error: function-like macro '__GNUC_PREREQ' is not defined
#if __GNUC_PREREQ (2,5) || __glibc_has_attribute (__const__)
    ^
/usr/include/x86_64-linux-gnu/sys/cdefs.h:320:5: error: function-like macro '__GNUC_PREREQ' is not defined
#if __GNUC_PREREQ (2,7) || __glibc_has_attribute (__unused__)
    ^
/usr/include/x86_64-linux-gnu/sys/cdefs.h:329:5: error: function-like macro '__GNUC_PREREQ' is not defined
#if __GNUC_PREREQ (3,1) || __glibc_has_attribute (__used__)
    ^
/usr/include/x86_64-linux-gnu/sys/cdefs.h:338:5: error: function-like macro '__GNUC_PREREQ' is not defined
#if __GNUC_PREREQ (3,2) || __glibc_has_attribute (__deprecated__)
    ^
/usr/include/x86_64-linux-gnu/sys/cdefs.h:347:5: error: function-like macro '__GNUC_PREREQ' is not defined
#if __GNUC_PREREQ (4,5) \
    ^
/usr/include/x86_64-linux-gnu/sys/cdefs.h:361:5: error: function-like macro '__GNUC_PREREQ' is not defined
#if __GNUC_PREREQ (2,8) || __glibc_has_attribute (__format_arg__)
    ^
/usr/include/x86_64-linux-gnu/sys/cdefs.h:371:5: error: function-like macro '__GNUC_PREREQ' is not defined
#if __GNUC_PREREQ (2,97) || __glibc_has_attribute (__format__)
    ^
/usr/include/x86_64-linux-gnu/sys/cdefs.h:383:6: error: function-like macro '__GNUC_PREREQ' is not defined
# if __GNUC_PREREQ (3,3) || __glibc_has_attribute (__nonnull__)
     ^
/usr/include/x86_64-linux-gnu/sys/cdefs.h:396:6: error: function-like macro '__GNUC_PREREQ' is not defined
# if __GNUC_PREREQ (4, 9) || __glibc_has_attribute (__returns_nonnull__)
     ^
fatal error: too many errors emitted, stopping now [-ferror-limit=]
20 errors generated.
[5/33] Building CXX object JunebugGame/lib/junebug/CMakeFiles/junebug.dir/src/core/coreInputs.cpp.o
FAILED: JunebugGame/lib/junebug/CMakeFiles/junebug.dir/src/core/coreInputs.cpp.o 
/home/june/Android/Sdk/ndk/21.4.7075529/toolchains/llvm/prebuilt/linux-x86_64/bin/clang++ --target=aarch64-none-linux-android21 --gcc-toolchain=/home/june/Android/Sdk/ndk/21.4.7075529/toolchains/llvm/prebuilt/linux-x86_64 --sysroot=/home/june/Android/Sdk/ndk/21.4.7075529/toolchains/llvm/prebuilt/linux-x86_64/sysroot  -DSDL_JOYSTICK=0 -I../../../../../../../plugins/discord -I../../../../../../../include -I../../../../../../../lib/SDL_FontCache -I../../../../../../../lib/rapidjson/include -I../../../../../../../src -I/usr/include/SDL2 -I/usr/include/libpng16 -I/usr/include/x86_64-linux-gnu -I../../../../../../../lib/discord_game_sdk -g -DANDROID -fdata-sections -ffunction-sections -funwind-tables -fstack-protector-strong -no-canonical-prefixes -D_FORTIFY_SOURCE=2 -Wformat -Werror=format-security   -O0 -fno-limit-debug-info  -fPIC   -std=gnu++1z -MD -MT JunebugGame/lib/junebug/CMakeFiles/junebug.dir/src/core/coreInputs.cpp.o -MF JunebugGame/lib/junebug/CMakeFiles/junebug.dir/src/core/coreInputs.cpp.o.d -o JunebugGame/lib/junebug/CMakeFiles/junebug.dir/src/core/coreInputs.cpp.o -c /home/june/Desktop/kid-plus-soda/lib/junebug/src/core/coreInputs.cpp
In file included from /home/june/Desktop/kid-plus-soda/lib/junebug/src/core/coreInputs.cpp:1:
In file included from ../../../../../../../include/Game.h:10:
In file included from ../../../../../../../include/Utils.h:6:
In file included from ../../../../../../../include/MathLib.h:12:
In file included from /home/june/Android/Sdk/ndk/21.4.7075529/toolchains/llvm/prebuilt/linux-x86_64/sysroot/usr/include/c++/v1/cmath:303:
In file included from /home/june/Android/Sdk/ndk/21.4.7075529/toolchains/llvm/prebuilt/linux-x86_64/sysroot/usr/include/c++/v1/__config:215:
In file included from /home/june/Android/Sdk/ndk/21.4.7075529/toolchains/llvm/prebuilt/linux-x86_64/sysroot/usr/include/features.h:36:
/usr/include/x86_64-linux-gnu/sys/cdefs.h:64:6: error: function-like macro '__GNUC_PREREQ' is not defined
# if __GNUC_PREREQ (4, 6) && !defined _LIBC
     ^
/usr/include/x86_64-linux-gnu/sys/cdefs.h:78:10: error: function-like macro '__GNUC_PREREQ' is not defined
     && (__GNUC_PREREQ (3, 4) || __glibc_has_attribute (__nothrow__))
         ^
/usr/include/x86_64-linux-gnu/sys/cdefs.h:84:31: error: function-like macro '__GNUC_PREREQ' is not defined
#  if defined __cplusplus && (__GNUC_PREREQ (2,8) || __clang_major >= 4)
                              ^
/usr/include/x86_64-linux-gnu/sys/cdefs.h:146:34: error: function-like macro '__glibc_clang_prereq' is not defined
#if __USE_FORTIFY_LEVEL == 3 && (__glibc_clang_prereq (9, 0)                  \
                                 ^
/usr/include/x86_64-linux-gnu/sys/cdefs.h:202:5: error: function-like macro '__GNUC_PREREQ' is not defined
#if __GNUC_PREREQ (4,3)
    ^
/usr/include/x86_64-linux-gnu/sys/cdefs.h:218:7: error: function-like macro '__GNUC_PREREQ' is not defined
#elif __GNUC_PREREQ (2,97) || defined __clang__
      ^
/usr/include/x86_64-linux-gnu/sys/cdefs.h:280:5: error: function-like macro '__GNUC_PREREQ' is not defined
#if __GNUC_PREREQ (2,96) || __glibc_has_attribute (__malloc__)
    ^
/usr/include/x86_64-linux-gnu/sys/cdefs.h:288:5: error: function-like macro '__GNUC_PREREQ' is not defined
#if __GNUC_PREREQ (4, 3)
    ^
/usr/include/x86_64-linux-gnu/sys/cdefs.h:297:5: error: function-like macro '__GNUC_PREREQ' is not defined
#if __GNUC_PREREQ (4, 9) || __glibc_has_attribute (__alloc_align__)
    ^
/usr/include/x86_64-linux-gnu/sys/cdefs.h:307:5: error: function-like macro '__GNUC_PREREQ' is not defined
#if __GNUC_PREREQ (2,96) || __glibc_has_attribute (__pure__)
    ^
/usr/include/x86_64-linux-gnu/sys/cdefs.h:314:5: error: function-like macro '__GNUC_PREREQ' is not defined
#if __GNUC_PREREQ (2,5) || __glibc_has_attribute (__const__)
    ^
/usr/include/x86_64-linux-gnu/sys/cdefs.h:320:5: error: function-like macro '__GNUC_PREREQ' is not defined
#if __GNUC_PREREQ (2,7) || __glibc_has_attribute (__unused__)
    ^
/usr/include/x86_64-linux-gnu/sys/cdefs.h:329:5: error: function-like macro '__GNUC_PREREQ' is not defined
#if __GNUC_PREREQ (3,1) || __glibc_has_attribute (__used__)
    ^
/usr/include/x86_64-linux-gnu/sys/cdefs.h:338:5: error: function-like macro '__GNUC_PREREQ' is not defined
#if __GNUC_PREREQ (3,2) || __glibc_has_attribute (__deprecated__)
    ^
/usr/include/x86_64-linux-gnu/sys/cdefs.h:347:5: error: function-like macro '__GNUC_PREREQ' is not defined
#if __GNUC_PREREQ (4,5) \
    ^
/usr/include/x86_64-linux-gnu/sys/cdefs.h:361:5: error: function-like macro '__GNUC_PREREQ' is not defined
#if __GNUC_PREREQ (2,8) || __glibc_has_attribute (__format_arg__)
    ^
/usr/include/x86_64-linux-gnu/sys/cdefs.h:371:5: error: function-like macro '__GNUC_PREREQ' is not defined
#if __GNUC_PREREQ (2,97) || __glibc_has_attribute (__format__)
    ^
/usr/include/x86_64-linux-gnu/sys/cdefs.h:383:6: error: function-like macro '__GNUC_PREREQ' is not defined
# if __GNUC_PREREQ (3,3) || __glibc_has_attribute (__nonnull__)
     ^
/usr/include/x86_64-linux-gnu/sys/cdefs.h:396:6: error: function-like macro '__GNUC_PREREQ' is not defined
# if __GNUC_PREREQ (4, 9) || __glibc_has_attribute (__returns_nonnull__)
     ^
fatal error: too many errors emitted, stopping now [-ferror-limit=]
20 errors generated.
[6/33] Building CXX object JunebugGame/lib/junebug/CMakeFiles/junebug.dir/src/core/coreSprites.cpp.o
FAILED: JunebugGame/lib/junebug/CMakeFiles/junebug.dir/src/core/coreSprites.cpp.o 
/home/june/Android/Sdk/ndk/21.4.7075529/toolchains/llvm/prebuilt/linux-x86_64/bin/clang++ --target=aarch64-none-linux-android21 --gcc-toolchain=/home/june/Android/Sdk/ndk/21.4.7075529/toolchains/llvm/prebuilt/linux-x86_64 --sysroot=/home/june/Android/Sdk/ndk/21.4.7075529/toolchains/llvm/prebuilt/linux-x86_64/sysroot  -DSDL_JOYSTICK=0 -I../../../../../../../plugins/discord -I../../../../../../../include -I../../../../../../../lib/SDL_FontCache -I../../../../../../../lib/rapidjson/include -I../../../../../../../src -I/usr/include/SDL2 -I/usr/include/libpng16 -I/usr/include/x86_64-linux-gnu -I../../../../../../../lib/discord_game_sdk -g -DANDROID -fdata-sections -ffunction-sections -funwind-tables -fstack-protector-strong -no-canonical-prefixes -D_FORTIFY_SOURCE=2 -Wformat -Werror=format-security   -O0 -fno-limit-debug-info  -fPIC   -std=gnu++1z -MD -MT JunebugGame/lib/junebug/CMakeFiles/junebug.dir/src/core/coreSprites.cpp.o -MF JunebugGame/lib/junebug/CMakeFiles/junebug.dir/src/core/coreSprites.cpp.o.d -o JunebugGame/lib/junebug/CMakeFiles/junebug.dir/src/core/coreSprites.cpp.o -c /home/june/Desktop/kid-plus-soda/lib/junebug/src/core/coreSprites.cpp
In file included from /home/june/Desktop/kid-plus-soda/lib/junebug/src/core/coreSprites.cpp:1:
In file included from ../../../../../../../include/Game.h:10:
In file included from ../../../../../../../include/Utils.h:6:
In file included from ../../../../../../../include/MathLib.h:12:
In file included from /home/june/Android/Sdk/ndk/21.4.7075529/toolchains/llvm/prebuilt/linux-x86_64/sysroot/usr/include/c++/v1/cmath:303:
In file included from /home/june/Android/Sdk/ndk/21.4.7075529/toolchains/llvm/prebuilt/linux-x86_64/sysroot/usr/include/c++/v1/__config:215:
In file included from /home/june/Android/Sdk/ndk/21.4.7075529/toolchains/llvm/prebuilt/linux-x86_64/sysroot/usr/include/features.h:36:
/usr/include/x86_64-linux-gnu/sys/cdefs.h:64:6: error: function-like macro '__GNUC_PREREQ' is not defined
# if __GNUC_PREREQ (4, 6) && !defined _LIBC
     ^
/usr/include/x86_64-linux-gnu/sys/cdefs.h:78:10: error: function-like macro '__GNUC_PREREQ' is not defined
     && (__GNUC_PREREQ (3, 4) || __glibc_has_attribute (__nothrow__))
         ^
/usr/include/x86_64-linux-gnu/sys/cdefs.h:84:31: error: function-like macro '__GNUC_PREREQ' is not defined
#  if defined __cplusplus && (__GNUC_PREREQ (2,8) || __clang_major >= 4)
                              ^
/usr/include/x86_64-linux-gnu/sys/cdefs.h:146:34: error: function-like macro '__glibc_clang_prereq' is not defined
#if __USE_FORTIFY_LEVEL == 3 && (__glibc_clang_prereq (9, 0)                  \
                                 ^
/usr/include/x86_64-linux-gnu/sys/cdefs.h:202:5: error: function-like macro '__GNUC_PREREQ' is not defined
#if __GNUC_PREREQ (4,3)
    ^
/usr/include/x86_64-linux-gnu/sys/cdefs.h:218:7: error: function-like macro '__GNUC_PREREQ' is not defined
#elif __GNUC_PREREQ (2,97) || defined __clang__
      ^
/usr/include/x86_64-linux-gnu/sys/cdefs.h:280:5: error: function-like macro '__GNUC_PREREQ' is not defined
#if __GNUC_PREREQ (2,96) || __glibc_has_attribute (__malloc__)
    ^
/usr/include/x86_64-linux-gnu/sys/cdefs.h:288:5: error: function-like macro '__GNUC_PREREQ' is not defined
#if __GNUC_PREREQ (4, 3)
    ^
/usr/include/x86_64-linux-gnu/sys/cdefs.h:297:5: error: function-like macro '__GNUC_PREREQ' is not defined
#if __GNUC_PREREQ (4, 9) || __glibc_has_attribute (__alloc_align__)
    ^
/usr/include/x86_64-linux-gnu/sys/cdefs.h:307:5: error: function-like macro '__GNUC_PREREQ' is not defined
#if __GNUC_PREREQ (2,96) || __glibc_has_attribute (__pure__)
    ^
/usr/include/x86_64-linux-gnu/sys/cdefs.h:314:5: error: function-like macro '__GNUC_PREREQ' is not defined
#if __GNUC_PREREQ (2,5) || __glibc_has_attribute (__const__)
    ^
/usr/include/x86_64-linux-gnu/sys/cdefs.h:320:5: error: function-like macro '__GNUC_PREREQ' is not defined
#if __GNUC_PREREQ (2,7) || __glibc_has_attribute (__unused__)
    ^
/usr/include/x86_64-linux-gnu/sys/cdefs.h:329:5: error: function-like macro '__GNUC_PREREQ' is not defined
#if __GNUC_PREREQ (3,1) || __glibc_has_attribute (__used__)
    ^
/usr/include/x86_64-linux-gnu/sys/cdefs.h:338:5: error: function-like macro '__GNUC_PREREQ' is not defined
#if __GNUC_PREREQ (3,2) || __glibc_has_attribute (__deprecated__)
    ^
/usr/include/x86_64-linux-gnu/sys/cdefs.h:347:5: error: function-like macro '__GNUC_PREREQ' is not defined
#if __GNUC_PREREQ (4,5) \
    ^
/usr/include/x86_64-linux-gnu/sys/cdefs.h:361:5: error: function-like macro '__GNUC_PREREQ' is not defined
#if __GNUC_PREREQ (2,8) || __glibc_has_attribute (__format_arg__)
    ^
/usr/include/x86_64-linux-gnu/sys/cdefs.h:371:5: error: function-like macro '__GNUC_PREREQ' is not defined
#if __GNUC_PREREQ (2,97) || __glibc_has_attribute (__format__)
    ^
/usr/include/x86_64-linux-gnu/sys/cdefs.h:383:6: error: function-like macro '__GNUC_PREREQ' is not defined
# if __GNUC_PREREQ (3,3) || __glibc_has_attribute (__nonnull__)
     ^
/usr/include/x86_64-linux-gnu/sys/cdefs.h:396:6: error: function-like macro '__GNUC_PREREQ' is not defined
# if __GNUC_PREREQ (4, 9) || __glibc_has_attribute (__returns_nonnull__)
     ^
fatal error: too many errors emitted, stopping now [-ferror-limit=]
20 errors generated.
[7/33] Building CXX object JunebugGame/lib/junebug/CMakeFiles/junebug.dir/src/Sprite.cpp.o
FAILED: JunebugGame/lib/junebug/CMakeFiles/junebug.dir/src/Sprite.cpp.o 
/home/june/Android/Sdk/ndk/21.4.7075529/toolchains/llvm/prebuilt/linux-x86_64/bin/clang++ --target=aarch64-none-linux-android21 --gcc-toolchain=/home/june/Android/Sdk/ndk/21.4.7075529/toolchains/llvm/prebuilt/linux-x86_64 --sysroot=/home/june/Android/Sdk/ndk/21.4.7075529/toolchains/llvm/prebuilt/linux-x86_64/sysroot  -DSDL_JOYSTICK=0 -I../../../../../../../plugins/discord -I../../../../../../../include -I../../../../../../../lib/SDL_FontCache -I../../../../../../../lib/rapidjson/include -I../../../../../../../src -I/usr/include/SDL2 -I/usr/include/libpng16 -I/usr/include/x86_64-linux-gnu -I../../../../../../../lib/discord_game_sdk -g -DANDROID -fdata-sections -ffunction-sections -funwind-tables -fstack-protector-strong -no-canonical-prefixes -D_FORTIFY_SOURCE=2 -Wformat -Werror=format-security   -O0 -fno-limit-debug-info  -fPIC   -std=gnu++1z -MD -MT JunebugGame/lib/junebug/CMakeFiles/junebug.dir/src/Sprite.cpp.o -MF JunebugGame/lib/junebug/CMakeFiles/junebug.dir/src/Sprite.cpp.o.d -o JunebugGame/lib/junebug/CMakeFiles/junebug.dir/src/Sprite.cpp.o -c /home/june/Desktop/kid-plus-soda/lib/junebug/src/Sprite.cpp
In file included from /home/june/Desktop/kid-plus-soda/lib/junebug/src/Sprite.cpp:1:
In file included from ../../../../../../../include/Sprite.h:6:
../../../../../../../include/Color.h:3:10: fatal error: 'SDL2/SDL.h' file not found
#include "SDL2/SDL.h"
         ^~~~~~~~~~~~
1 error generated.
[8/33] Building CXX object JunebugGame/lib/junebug/CMakeFiles/junebug.dir/src/Rendering.cpp.o
FAILED: JunebugGame/lib/junebug/CMakeFiles/junebug.dir/src/Rendering.cpp.o 
/home/june/Android/Sdk/ndk/21.4.7075529/toolchains/llvm/prebuilt/linux-x86_64/bin/clang++ --target=aarch64-none-linux-android21 --gcc-toolchain=/home/june/Android/Sdk/ndk/21.4.7075529/toolchains/llvm/prebuilt/linux-x86_64 --sysroot=/home/june/Android/Sdk/ndk/21.4.7075529/toolchains/llvm/prebuilt/linux-x86_64/sysroot  -DSDL_JOYSTICK=0 -I../../../../../../../plugins/discord -I../../../../../../../include -I../../../../../../../lib/SDL_FontCache -I../../../../../../../lib/rapidjson/include -I../../../../../../../src -I/usr/include/SDL2 -I/usr/include/libpng16 -I/usr/include/x86_64-linux-gnu -I../../../../../../../lib/discord_game_sdk -g -DANDROID -fdata-sections -ffunction-sections -funwind-tables -fstack-protector-strong -no-canonical-prefixes -D_FORTIFY_SOURCE=2 -Wformat -Werror=format-security   -O0 -fno-limit-debug-info  -fPIC   -std=gnu++1z -MD -MT JunebugGame/lib/junebug/CMakeFiles/junebug.dir/src/Rendering.cpp.o -MF JunebugGame/lib/junebug/CMakeFiles/junebug.dir/src/Rendering.cpp.o.d -o JunebugGame/lib/junebug/CMakeFiles/junebug.dir/src/Rendering.cpp.o -c /home/june/Desktop/kid-plus-soda/lib/junebug/src/Rendering.cpp
In file included from /home/june/Desktop/kid-plus-soda/lib/junebug/src/Rendering.cpp:1:
In file included from ../../../../../../../include/Rendering.h:6:
In file included from ../../../../../../../include/MathLib.h:12:
In file included from /home/june/Android/Sdk/ndk/21.4.7075529/toolchains/llvm/prebuilt/linux-x86_64/sysroot/usr/include/c++/v1/cmath:303:
In file included from /home/june/Android/Sdk/ndk/21.4.7075529/toolchains/llvm/prebuilt/linux-x86_64/sysroot/usr/include/c++/v1/__config:215:
In file included from /home/june/Android/Sdk/ndk/21.4.7075529/toolchains/llvm/prebuilt/linux-x86_64/sysroot/usr/include/features.h:36:
/usr/include/x86_64-linux-gnu/sys/cdefs.h:64:6: error: function-like macro '__GNUC_PREREQ' is not defined
# if __GNUC_PREREQ (4, 6) && !defined _LIBC
     ^
/usr/include/x86_64-linux-gnu/sys/cdefs.h:78:10: error: function-like macro '__GNUC_PREREQ' is not defined
     && (__GNUC_PREREQ (3, 4) || __glibc_has_attribute (__nothrow__))
         ^
/usr/include/x86_64-linux-gnu/sys/cdefs.h:84:31: error: function-like macro '__GNUC_PREREQ' is not defined
#  if defined __cplusplus && (__GNUC_PREREQ (2,8) || __clang_major >= 4)
                              ^
/usr/include/x86_64-linux-gnu/sys/cdefs.h:146:34: error: function-like macro '__glibc_clang_prereq' is not defined
#if __USE_FORTIFY_LEVEL == 3 && (__glibc_clang_prereq (9, 0)                  \
                                 ^
/usr/include/x86_64-linux-gnu/sys/cdefs.h:202:5: error: function-like macro '__GNUC_PREREQ' is not defined
#if __GNUC_PREREQ (4,3)
    ^
/usr/include/x86_64-linux-gnu/sys/cdefs.h:218:7: error: function-like macro '__GNUC_PREREQ' is not defined
#elif __GNUC_PREREQ (2,97) || defined __clang__
      ^
/usr/include/x86_64-linux-gnu/sys/cdefs.h:280:5: error: function-like macro '__GNUC_PREREQ' is not defined
#if __GNUC_PREREQ (2,96) || __glibc_has_attribute (__malloc__)
    ^
/usr/include/x86_64-linux-gnu/sys/cdefs.h:288:5: error: function-like macro '__GNUC_PREREQ' is not defined
#if __GNUC_PREREQ (4, 3)
    ^
/usr/include/x86_64-linux-gnu/sys/cdefs.h:297:5: error: function-like macro '__GNUC_PREREQ' is not defined
#if __GNUC_PREREQ (4, 9) || __glibc_has_attribute (__alloc_align__)
    ^
/usr/include/x86_64-linux-gnu/sys/cdefs.h:307:5: error: function-like macro '__GNUC_PREREQ' is not defined
#if __GNUC_PREREQ (2,96) || __glibc_has_attribute (__pure__)
    ^
/usr/include/x86_64-linux-gnu/sys/cdefs.h:314:5: error: function-like macro '__GNUC_PREREQ' is not defined
#if __GNUC_PREREQ (2,5) || __glibc_has_attribute (__const__)
    ^
/usr/include/x86_64-linux-gnu/sys/cdefs.h:320:5: error: function-like macro '__GNUC_PREREQ' is not defined
#if __GNUC_PREREQ (2,7) || __glibc_has_attribute (__unused__)
    ^
/usr/include/x86_64-linux-gnu/sys/cdefs.h:329:5: error: function-like macro '__GNUC_PREREQ' is not defined
#if __GNUC_PREREQ (3,1) || __glibc_has_attribute (__used__)
    ^
/usr/include/x86_64-linux-gnu/sys/cdefs.h:338:5: error: function-like macro '__GNUC_PREREQ' is not defined
#if __GNUC_PREREQ (3,2) || __glibc_has_attribute (__deprecated__)
    ^
/usr/include/x86_64-linux-gnu/sys/cdefs.h:347:5: error: function-like macro '__GNUC_PREREQ' is not defined
#if __GNUC_PREREQ (4,5) \
    ^
/usr/include/x86_64-linux-gnu/sys/cdefs.h:361:5: error: function-like macro '__GNUC_PREREQ' is not defined
#if __GNUC_PREREQ (2,8) || __glibc_has_attribute (__format_arg__)
    ^
/usr/include/x86_64-linux-gnu/sys/cdefs.h:371:5: error: function-like macro '__GNUC_PREREQ' is not defined
#if __GNUC_PREREQ (2,97) || __glibc_has_attribute (__format__)
    ^
/usr/include/x86_64-linux-gnu/sys/cdefs.h:383:6: error: function-like macro '__GNUC_PREREQ' is not defined
# if __GNUC_PREREQ (3,3) || __glibc_has_attribute (__nonnull__)
     ^
/usr/include/x86_64-linux-gnu/sys/cdefs.h:396:6: error: function-like macro '__GNUC_PREREQ' is not defined
# if __GNUC_PREREQ (4, 9) || __glibc_has_attribute (__returns_nonnull__)
     ^
fatal error: too many errors emitted, stopping now [-ferror-limit=]
20 errors generated.
[9/33] Building CXX object JunebugGame/lib/junebug/CMakeFiles/junebug.dir/src/core/coreCollision.cpp.o
FAILED: JunebugGame/lib/junebug/CMakeFiles/junebug.dir/src/core/coreCollision.cpp.o 
/home/june/Android/Sdk/ndk/21.4.7075529/toolchains/llvm/prebuilt/linux-x86_64/bin/clang++ --target=aarch64-none-linux-android21 --gcc-toolchain=/home/june/Android/Sdk/ndk/21.4.7075529/toolchains/llvm/prebuilt/linux-x86_64 --sysroot=/home/june/Android/Sdk/ndk/21.4.7075529/toolchains/llvm/prebuilt/linux-x86_64/sysroot  -DSDL_JOYSTICK=0 -I../../../../../../../plugins/discord -I../../../../../../../include -I../../../../../../../lib/SDL_FontCache -I../../../../../../../lib/rapidjson/include -I../../../../../../../src -I/usr/include/SDL2 -I/usr/include/libpng16 -I/usr/include/x86_64-linux-gnu -I../../../../../../../lib/discord_game_sdk -g -DANDROID -fdata-sections -ffunction-sections -funwind-tables -fstack-protector-strong -no-canonical-prefixes -D_FORTIFY_SOURCE=2 -Wformat -Werror=format-security   -O0 -fno-limit-debug-info  -fPIC   -std=gnu++1z -MD -MT JunebugGame/lib/junebug/CMakeFiles/junebug.dir/src/core/coreCollision.cpp.o -MF JunebugGame/lib/junebug/CMakeFiles/junebug.dir/src/core/coreCollision.cpp.o.d -o JunebugGame/lib/junebug/CMakeFiles/junebug.dir/src/core/coreCollision.cpp.o -c /home/june/Desktop/kid-plus-soda/lib/junebug/src/core/coreCollision.cpp
In file included from /home/june/Desktop/kid-plus-soda/lib/junebug/src/core/coreCollision.cpp:1:
In file included from ../../../../../../../include/Game.h:10:
In file included from ../../../../../../../include/Utils.h:6:
In file included from ../../../../../../../include/MathLib.h:12:
In file included from /home/june/Android/Sdk/ndk/21.4.7075529/toolchains/llvm/prebuilt/linux-x86_64/sysroot/usr/include/c++/v1/cmath:303:
In file included from /home/june/Android/Sdk/ndk/21.4.7075529/toolchains/llvm/prebuilt/linux-x86_64/sysroot/usr/include/c++/v1/__config:215:
In file included from /home/june/Android/Sdk/ndk/21.4.7075529/toolchains/llvm/prebuilt/linux-x86_64/sysroot/usr/include/features.h:36:
/usr/include/x86_64-linux-gnu/sys/cdefs.h:64:6: error: function-like macro '__GNUC_PREREQ' is not defined
# if __GNUC_PREREQ (4, 6) && !defined _LIBC
     ^
/usr/include/x86_64-linux-gnu/sys/cdefs.h:78:10: error: function-like macro '__GNUC_PREREQ' is not defined
     && (__GNUC_PREREQ (3, 4) || __glibc_has_attribute (__nothrow__))
         ^
/usr/include/x86_64-linux-gnu/sys/cdefs.h:84:31: error: function-like macro '__GNUC_PREREQ' is not defined
#  if defined __cplusplus && (__GNUC_PREREQ (2,8) || __clang_major >= 4)
                              ^
/usr/include/x86_64-linux-gnu/sys/cdefs.h:146:34: error: function-like macro '__glibc_clang_prereq' is not defined
#if __USE_FORTIFY_LEVEL == 3 && (__glibc_clang_prereq (9, 0)                  \
                                 ^
/usr/include/x86_64-linux-gnu/sys/cdefs.h:202:5: error: function-like macro '__GNUC_PREREQ' is not defined
#if __GNUC_PREREQ (4,3)
    ^
/usr/include/x86_64-linux-gnu/sys/cdefs.h:218:7: error: function-like macro '__GNUC_PREREQ' is not defined
#elif __GNUC_PREREQ (2,97) || defined __clang__
      ^
/usr/include/x86_64-linux-gnu/sys/cdefs.h:280:5: error: function-like macro '__GNUC_PREREQ' is not defined
#if __GNUC_PREREQ (2,96) || __glibc_has_attribute (__malloc__)
    ^
/usr/include/x86_64-linux-gnu/sys/cdefs.h:288:5: error: function-like macro '__GNUC_PREREQ' is not defined
#if __GNUC_PREREQ (4, 3)
    ^
/usr/include/x86_64-linux-gnu/sys/cdefs.h:297:5: error: function-like macro '__GNUC_PREREQ' is not defined
#if __GNUC_PREREQ (4, 9) || __glibc_has_attribute (__alloc_align__)
    ^
/usr/include/x86_64-linux-gnu/sys/cdefs.h:307:5: error: function-like macro '__GNUC_PREREQ' is not defined
#if __GNUC_PREREQ (2,96) || __glibc_has_attribute (__pure__)
    ^
/usr/include/x86_64-linux-gnu/sys/cdefs.h:314:5: error: function-like macro '__GNUC_PREREQ' is not defined
#if __GNUC_PREREQ (2,5) || __glibc_has_attribute (__const__)
    ^
/usr/include/x86_64-linux-gnu/sys/cdefs.h:320:5: error: function-like macro '__GNUC_PREREQ' is not defined
#if __GNUC_PREREQ (2,7) || __glibc_has_attribute (__unused__)
    ^
/usr/include/x86_64-linux-gnu/sys/cdefs.h:329:5: error: function-like macro '__GNUC_PREREQ' is not defined
#if __GNUC_PREREQ (3,1) || __glibc_has_attribute (__used__)
    ^
/usr/include/x86_64-linux-gnu/sys/cdefs.h:338:5: error: function-like macro '__GNUC_PREREQ' is not defined
#if __GNUC_PREREQ (3,2) || __glibc_has_attribute (__deprecated__)
    ^
/usr/include/x86_64-linux-gnu/sys/cdefs.h:347:5: error: function-like macro '__GNUC_PREREQ' is not defined
#if __GNUC_PREREQ (4,5) \
    ^
/usr/include/x86_64-linux-gnu/sys/cdefs.h:361:5: error: function-like macro '__GNUC_PREREQ' is not defined
#if __GNUC_PREREQ (2,8) || __glibc_has_attribute (__format_arg__)
    ^
/usr/include/x86_64-linux-gnu/sys/cdefs.h:371:5: error: function-like macro '__GNUC_PREREQ' is not defined
#if __GNUC_PREREQ (2,97) || __glibc_has_attribute (__format__)
    ^
/usr/include/x86_64-linux-gnu/sys/cdefs.h:383:6: error: function-like macro '__GNUC_PREREQ' is not defined
# if __GNUC_PREREQ (3,3) || __glibc_has_attribute (__nonnull__)
     ^
/usr/include/x86_64-linux-gnu/sys/cdefs.h:396:6: error: function-like macro '__GNUC_PREREQ' is not defined
# if __GNUC_PREREQ (4, 9) || __glibc_has_attribute (__returns_nonnull__)
     ^
fatal error: too many errors emitted, stopping now [-ferror-limit=]
20 errors generated.
[10/33] Building CXX object JunebugGame/lib/junebug/CMakeFiles/junebug.dir/src/core/coreScenes.cpp.o
FAILED: JunebugGame/lib/junebug/CMakeFiles/junebug.dir/src/core/coreScenes.cpp.o 
/home/june/Android/Sdk/ndk/21.4.7075529/toolchains/llvm/prebuilt/linux-x86_64/bin/clang++ --target=aarch64-none-linux-android21 --gcc-toolchain=/home/june/Android/Sdk/ndk/21.4.7075529/toolchains/llvm/prebuilt/linux-x86_64 --sysroot=/home/june/Android/Sdk/ndk/21.4.7075529/toolchains/llvm/prebuilt/linux-x86_64/sysroot  -DSDL_JOYSTICK=0 -I../../../../../../../plugins/discord -I../../../../../../../include -I../../../../../../../lib/SDL_FontCache -I../../../../../../../lib/rapidjson/include -I../../../../../../../src -I/usr/include/SDL2 -I/usr/include/libpng16 -I/usr/include/x86_64-linux-gnu -I../../../../../../../lib/discord_game_sdk -g -DANDROID -fdata-sections -ffunction-sections -funwind-tables -fstack-protector-strong -no-canonical-prefixes -D_FORTIFY_SOURCE=2 -Wformat -Werror=format-security   -O0 -fno-limit-debug-info  -fPIC   -std=gnu++1z -MD -MT JunebugGame/lib/junebug/CMakeFiles/junebug.dir/src/core/coreScenes.cpp.o -MF JunebugGame/lib/junebug/CMakeFiles/junebug.dir/src/core/coreScenes.cpp.o.d -o JunebugGame/lib/junebug/CMakeFiles/junebug.dir/src/core/coreScenes.cpp.o -c /home/june/Desktop/kid-plus-soda/lib/junebug/src/core/coreScenes.cpp
In file included from /home/june/Desktop/kid-plus-soda/lib/junebug/src/core/coreScenes.cpp:1:
In file included from ../../../../../../../include/Game.h:10:
In file included from ../../../../../../../include/Utils.h:6:
In file included from ../../../../../../../include/MathLib.h:12:
In file included from /home/june/Android/Sdk/ndk/21.4.7075529/toolchains/llvm/prebuilt/linux-x86_64/sysroot/usr/include/c++/v1/cmath:303:
In file included from /home/june/Android/Sdk/ndk/21.4.7075529/toolchains/llvm/prebuilt/linux-x86_64/sysroot/usr/include/c++/v1/__config:215:
In file included from /home/june/Android/Sdk/ndk/21.4.7075529/toolchains/llvm/prebuilt/linux-x86_64/sysroot/usr/include/features.h:36:
/usr/include/x86_64-linux-gnu/sys/cdefs.h:64:6: error: function-like macro '__GNUC_PREREQ' is not defined
# if __GNUC_PREREQ (4, 6) && !defined _LIBC
     ^
/usr/include/x86_64-linux-gnu/sys/cdefs.h:78:10: error: function-like macro '__GNUC_PREREQ' is not defined
     && (__GNUC_PREREQ (3, 4) || __glibc_has_attribute (__nothrow__))
         ^
/usr/include/x86_64-linux-gnu/sys/cdefs.h:84:31: error: function-like macro '__GNUC_PREREQ' is not defined
#  if defined __cplusplus && (__GNUC_PREREQ (2,8) || __clang_major >= 4)
                              ^
/usr/include/x86_64-linux-gnu/sys/cdefs.h:146:34: error: function-like macro '__glibc_clang_prereq' is not defined
#if __USE_FORTIFY_LEVEL == 3 && (__glibc_clang_prereq (9, 0)                  \
                                 ^
/usr/include/x86_64-linux-gnu/sys/cdefs.h:202:5: error: function-like macro '__GNUC_PREREQ' is not defined
#if __GNUC_PREREQ (4,3)
    ^
/usr/include/x86_64-linux-gnu/sys/cdefs.h:218:7: error: function-like macro '__GNUC_PREREQ' is not defined
#elif __GNUC_PREREQ (2,97) || defined __clang__
      ^
/usr/include/x86_64-linux-gnu/sys/cdefs.h:280:5: error: function-like macro '__GNUC_PREREQ' is not defined
#if __GNUC_PREREQ (2,96) || __glibc_has_attribute (__malloc__)
    ^
/usr/include/x86_64-linux-gnu/sys/cdefs.h:288:5: error: function-like macro '__GNUC_PREREQ' is not defined
#if __GNUC_PREREQ (4, 3)
    ^
/usr/include/x86_64-linux-gnu/sys/cdefs.h:297:5: error: function-like macro '__GNUC_PREREQ' is not defined
#if __GNUC_PREREQ (4, 9) || __glibc_has_attribute (__alloc_align__)
    ^
/usr/include/x86_64-linux-gnu/sys/cdefs.h:307:5: error: function-like macro '__GNUC_PREREQ' is not defined
#if __GNUC_PREREQ (2,96) || __glibc_has_attribute (__pure__)
    ^
/usr/include/x86_64-linux-gnu/sys/cdefs.h:314:5: error: function-like macro '__GNUC_PREREQ' is not defined
#if __GNUC_PREREQ (2,5) || __glibc_has_attribute (__const__)
    ^
/usr/include/x86_64-linux-gnu/sys/cdefs.h:320:5: error: function-like macro '__GNUC_PREREQ' is not defined
#if __GNUC_PREREQ (2,7) || __glibc_has_attribute (__unused__)
    ^
/usr/include/x86_64-linux-gnu/sys/cdefs.h:329:5: error: function-like macro '__GNUC_PREREQ' is not defined
#if __GNUC_PREREQ (3,1) || __glibc_has_attribute (__used__)
    ^
/usr/include/x86_64-linux-gnu/sys/cdefs.h:338:5: error: function-like macro '__GNUC_PREREQ' is not defined
#if __GNUC_PREREQ (3,2) || __glibc_has_attribute (__deprecated__)
    ^
/usr/include/x86_64-linux-gnu/sys/cdefs.h:347:5: error: function-like macro '__GNUC_PREREQ' is not defined
#if __GNUC_PREREQ (4,5) \
    ^
/usr/include/x86_64-linux-gnu/sys/cdefs.h:361:5: error: function-like macro '__GNUC_PREREQ' is not defined
#if __GNUC_PREREQ (2,8) || __glibc_has_attribute (__format_arg__)
    ^
/usr/include/x86_64-linux-gnu/sys/cdefs.h:371:5: error: function-like macro '__GNUC_PREREQ' is not defined
#if __GNUC_PREREQ (2,97) || __glibc_has_attribute (__format__)
    ^
/usr/include/x86_64-linux-gnu/sys/cdefs.h:383:6: error: function-like macro '__GNUC_PREREQ' is not defined
# if __GNUC_PREREQ (3,3) || __glibc_has_attribute (__nonnull__)
     ^
/usr/include/x86_64-linux-gnu/sys/cdefs.h:396:6: error: function-like macro '__GNUC_PREREQ' is not defined
# if __GNUC_PREREQ (4, 9) || __glibc_has_attribute (__returns_nonnull__)
     ^
fatal error: too many errors emitted, stopping now [-ferror-limit=]
20 errors generated.
[11/33] Building CXX object JunebugGame/lib/junebug/CMakeFiles/junebug.dir/src/core/coreFonts.cpp.o
FAILED: JunebugGame/lib/junebug/CMakeFiles/junebug.dir/src/core/coreFonts.cpp.o 
/home/june/Android/Sdk/ndk/21.4.7075529/toolchains/llvm/prebuilt/linux-x86_64/bin/clang++ --target=aarch64-none-linux-android21 --gcc-toolchain=/home/june/Android/Sdk/ndk/21.4.7075529/toolchains/llvm/prebuilt/linux-x86_64 --sysroot=/home/june/Android/Sdk/ndk/21.4.7075529/toolchains/llvm/prebuilt/linux-x86_64/sysroot  -DSDL_JOYSTICK=0 -I../../../../../../../plugins/discord -I../../../../../../../include -I../../../../../../../lib/SDL_FontCache -I../../../../../../../lib/rapidjson/include -I../../../../../../../src -I/usr/include/SDL2 -I/usr/include/libpng16 -I/usr/include/x86_64-linux-gnu -I../../../../../../../lib/discord_game_sdk -g -DANDROID -fdata-sections -ffunction-sections -funwind-tables -fstack-protector-strong -no-canonical-prefixes -D_FORTIFY_SOURCE=2 -Wformat -Werror=format-security   -O0 -fno-limit-debug-info  -fPIC   -std=gnu++1z -MD -MT JunebugGame/lib/junebug/CMakeFiles/junebug.dir/src/core/coreFonts.cpp.o -MF JunebugGame/lib/junebug/CMakeFiles/junebug.dir/src/core/coreFonts.cpp.o.d -o JunebugGame/lib/junebug/CMakeFiles/junebug.dir/src/core/coreFonts.cpp.o -c /home/june/Desktop/kid-plus-soda/lib/junebug/src/core/coreFonts.cpp
In file included from /home/june/Desktop/kid-plus-soda/lib/junebug/src/core/coreFonts.cpp:1:
In file included from ../../../../../../../include/Game.h:10:
In file included from ../../../../../../../include/Utils.h:6:
In file included from ../../../../../../../include/MathLib.h:12:
In file included from /home/june/Android/Sdk/ndk/21.4.7075529/toolchains/llvm/prebuilt/linux-x86_64/sysroot/usr/include/c++/v1/cmath:303:
In file included from /home/june/Android/Sdk/ndk/21.4.7075529/toolchains/llvm/prebuilt/linux-x86_64/sysroot/usr/include/c++/v1/__config:215:
In file included from /home/june/Android/Sdk/ndk/21.4.7075529/toolchains/llvm/prebuilt/linux-x86_64/sysroot/usr/include/features.h:36:
/usr/include/x86_64-linux-gnu/sys/cdefs.h:64:6: error: function-like macro '__GNUC_PREREQ' is not defined
# if __GNUC_PREREQ (4, 6) && !defined _LIBC
     ^
/usr/include/x86_64-linux-gnu/sys/cdefs.h:78:10: error: function-like macro '__GNUC_PREREQ' is not defined
     && (__GNUC_PREREQ (3, 4) || __glibc_has_attribute (__nothrow__))
         ^
/usr/include/x86_64-linux-gnu/sys/cdefs.h:84:31: error: function-like macro '__GNUC_PREREQ' is not defined
#  if defined __cplusplus && (__GNUC_PREREQ (2,8) || __clang_major >= 4)
                              ^
/usr/include/x86_64-linux-gnu/sys/cdefs.h:146:34: error: function-like macro '__glibc_clang_prereq' is not defined
#if __USE_FORTIFY_LEVEL == 3 && (__glibc_clang_prereq (9, 0)                  \
                                 ^
/usr/include/x86_64-linux-gnu/sys/cdefs.h:202:5: error: function-like macro '__GNUC_PREREQ' is not defined
#if __GNUC_PREREQ (4,3)
    ^
/usr/include/x86_64-linux-gnu/sys/cdefs.h:218:7: error: function-like macro '__GNUC_PREREQ' is not defined
#elif __GNUC_PREREQ (2,97) || defined __clang__
      ^
/usr/include/x86_64-linux-gnu/sys/cdefs.h:280:5: error: function-like macro '__GNUC_PREREQ' is not defined
#if __GNUC_PREREQ (2,96) || __glibc_has_attribute (__malloc__)
    ^
/usr/include/x86_64-linux-gnu/sys/cdefs.h:288:5: error: function-like macro '__GNUC_PREREQ' is not defined
#if __GNUC_PREREQ (4, 3)
    ^
/usr/include/x86_64-linux-gnu/sys/cdefs.h:297:5: error: function-like macro '__GNUC_PREREQ' is not defined
#if __GNUC_PREREQ (4, 9) || __glibc_has_attribute (__alloc_align__)
    ^
/usr/include/x86_64-linux-gnu/sys/cdefs.h:307:5: error: function-like macro '__GNUC_PREREQ' is not defined
#if __GNUC_PREREQ (2,96) || __glibc_has_attribute (__pure__)
    ^
/usr/include/x86_64-linux-gnu/sys/cdefs.h:314:5: error: function-like macro '__GNUC_PREREQ' is not defined
#if __GNUC_PREREQ (2,5) || __glibc_has_attribute (__const__)
    ^
/usr/include/x86_64-linux-gnu/sys/cdefs.h:320:5: error: function-like macro '__GNUC_PREREQ' is not defined
#if __GNUC_PREREQ (2,7) || __glibc_has_attribute (__unused__)
    ^
/usr/include/x86_64-linux-gnu/sys/cdefs.h:329:5: error: function-like macro '__GNUC_PREREQ' is not defined
#if __GNUC_PREREQ (3,1) || __glibc_has_attribute (__used__)
    ^
/usr/include/x86_64-linux-gnu/sys/cdefs.h:338:5: error: function-like macro '__GNUC_PREREQ' is not defined
#if __GNUC_PREREQ (3,2) || __glibc_has_attribute (__deprecated__)
    ^
/usr/include/x86_64-linux-gnu/sys/cdefs.h:347:5: error: function-like macro '__GNUC_PREREQ' is not defined
#if __GNUC_PREREQ (4,5) \
    ^
/usr/include/x86_64-linux-gnu/sys/cdefs.h:361:5: error: function-like macro '__GNUC_PREREQ' is not defined
#if __GNUC_PREREQ (2,8) || __glibc_has_attribute (__format_arg__)
    ^
/usr/include/x86_64-linux-gnu/sys/cdefs.h:371:5: error: function-like macro '__GNUC_PREREQ' is not defined
#if __GNUC_PREREQ (2,97) || __glibc_has_attribute (__format__)
    ^
/usr/include/x86_64-linux-gnu/sys/cdefs.h:383:6: error: function-like macro '__GNUC_PREREQ' is not defined
# if __GNUC_PREREQ (3,3) || __glibc_has_attribute (__nonnull__)
     ^
/usr/include/x86_64-linux-gnu/sys/cdefs.h:396:6: error: function-like macro '__GNUC_PREREQ' is not defined
# if __GNUC_PREREQ (4, 9) || __glibc_has_attribute (__returns_nonnull__)
     ^
fatal error: too many errors emitted, stopping now [-ferror-limit=]
20 errors generated.
[12/33] Building CXX object JunebugGame/lib/junebug/CMakeFiles/junebug.dir/src/Camera.cpp.o
FAILED: JunebugGame/lib/junebug/CMakeFiles/junebug.dir/src/Camera.cpp.o 
/home/june/Android/Sdk/ndk/21.4.7075529/toolchains/llvm/prebuilt/linux-x86_64/bin/clang++ --target=aarch64-none-linux-android21 --gcc-toolchain=/home/june/Android/Sdk/ndk/21.4.7075529/toolchains/llvm/prebuilt/linux-x86_64 --sysroot=/home/june/Android/Sdk/ndk/21.4.7075529/toolchains/llvm/prebuilt/linux-x86_64/sysroot  -DSDL_JOYSTICK=0 -I../../../../../../../plugins/discord -I../../../../../../../include -I../../../../../../../lib/SDL_FontCache -I../../../../../../../lib/rapidjson/include -I../../../../../../../src -I/usr/include/SDL2 -I/usr/include/libpng16 -I/usr/include/x86_64-linux-gnu -I../../../../../../../lib/discord_game_sdk -g -DANDROID -fdata-sections -ffunction-sections -funwind-tables -fstack-protector-strong -no-canonical-prefixes -D_FORTIFY_SOURCE=2 -Wformat -Werror=format-security   -O0 -fno-limit-debug-info  -fPIC   -std=gnu++1z -MD -MT JunebugGame/lib/junebug/CMakeFiles/junebug.dir/src/Camera.cpp.o -MF JunebugGame/lib/junebug/CMakeFiles/junebug.dir/src/Camera.cpp.o.d -o JunebugGame/lib/junebug/CMakeFiles/junebug.dir/src/Camera.cpp.o -c /home/june/Desktop/kid-plus-soda/lib/junebug/src/Camera.cpp
In file included from /home/june/Desktop/kid-plus-soda/lib/junebug/src/Camera.cpp:1:
In file included from ../../../../../../../include/Camera.h:6:
In file included from ../../../../../../../include/MathLib.h:12:
In file included from /home/june/Android/Sdk/ndk/21.4.7075529/toolchains/llvm/prebuilt/linux-x86_64/sysroot/usr/include/c++/v1/cmath:303:
In file included from /home/june/Android/Sdk/ndk/21.4.7075529/toolchains/llvm/prebuilt/linux-x86_64/sysroot/usr/include/c++/v1/__config:215:
In file included from /home/june/Android/Sdk/ndk/21.4.7075529/toolchains/llvm/prebuilt/linux-x86_64/sysroot/usr/include/features.h:36:
/usr/include/x86_64-linux-gnu/sys/cdefs.h:64:6: error: function-like macro '__GNUC_PREREQ' is not defined
# if __GNUC_PREREQ (4, 6) && !defined _LIBC
     ^
/usr/include/x86_64-linux-gnu/sys/cdefs.h:78:10: error: function-like macro '__GNUC_PREREQ' is not defined
     && (__GNUC_PREREQ (3, 4) || __glibc_has_attribute (__nothrow__))
         ^
/usr/include/x86_64-linux-gnu/sys/cdefs.h:84:31: error: function-like macro '__GNUC_PREREQ' is not defined
#  if defined __cplusplus && (__GNUC_PREREQ (2,8) || __clang_major >= 4)
                              ^
/usr/include/x86_64-linux-gnu/sys/cdefs.h:146:34: error: function-like macro '__glibc_clang_prereq' is not defined
#if __USE_FORTIFY_LEVEL == 3 && (__glibc_clang_prereq (9, 0)                  \
                                 ^
/usr/include/x86_64-linux-gnu/sys/cdefs.h:202:5: error: function-like macro '__GNUC_PREREQ' is not defined
#if __GNUC_PREREQ (4,3)
    ^
/usr/include/x86_64-linux-gnu/sys/cdefs.h:218:7: error: function-like macro '__GNUC_PREREQ' is not defined
#elif __GNUC_PREREQ (2,97) || defined __clang__
      ^
/usr/include/x86_64-linux-gnu/sys/cdefs.h:280:5: error: function-like macro '__GNUC_PREREQ' is not defined
#if __GNUC_PREREQ (2,96) || __glibc_has_attribute (__malloc__)
    ^
/usr/include/x86_64-linux-gnu/sys/cdefs.h:288:5: error: function-like macro '__GNUC_PREREQ' is not defined
#if __GNUC_PREREQ (4, 3)
    ^
/usr/include/x86_64-linux-gnu/sys/cdefs.h:297:5: error: function-like macro '__GNUC_PREREQ' is not defined
#if __GNUC_PREREQ (4, 9) || __glibc_has_attribute (__alloc_align__)
    ^
/usr/include/x86_64-linux-gnu/sys/cdefs.h:307:5: error: function-like macro '__GNUC_PREREQ' is not defined
#if __GNUC_PREREQ (2,96) || __glibc_has_attribute (__pure__)
    ^
/usr/include/x86_64-linux-gnu/sys/cdefs.h:314:5: error: function-like macro '__GNUC_PREREQ' is not defined
#if __GNUC_PREREQ (2,5) || __glibc_has_attribute (__const__)
    ^
/usr/include/x86_64-linux-gnu/sys/cdefs.h:320:5: error: function-like macro '__GNUC_PREREQ' is not defined
#if __GNUC_PREREQ (2,7) || __glibc_has_attribute (__unused__)
    ^
/usr/include/x86_64-linux-gnu/sys/cdefs.h:329:5: error: function-like macro '__GNUC_PREREQ' is not defined
#if __GNUC_PREREQ (3,1) || __glibc_has_attribute (__used__)
    ^
/usr/include/x86_64-linux-gnu/sys/cdefs.h:338:5: error: function-like macro '__GNUC_PREREQ' is not defined
#if __GNUC_PREREQ (3,2) || __glibc_has_attribute (__deprecated__)
    ^
/usr/include/x86_64-linux-gnu/sys/cdefs.h:347:5: error: function-like macro '__GNUC_PREREQ' is not defined
#if __GNUC_PREREQ (4,5) \
    ^
/usr/include/x86_64-linux-gnu/sys/cdefs.h:361:5: error: function-like macro '__GNUC_PREREQ' is not defined
#if __GNUC_PREREQ (2,8) || __glibc_has_attribute (__format_arg__)
    ^
/usr/include/x86_64-linux-gnu/sys/cdefs.h:371:5: error: function-like macro '__GNUC_PREREQ' is not defined
#if __GNUC_PREREQ (2,97) || __glibc_has_attribute (__format__)
    ^
/usr/include/x86_64-linux-gnu/sys/cdefs.h:383:6: error: function-like macro '__GNUC_PREREQ' is not defined
# if __GNUC_PREREQ (3,3) || __glibc_has_attribute (__nonnull__)
     ^
/usr/include/x86_64-linux-gnu/sys/cdefs.h:396:6: error: function-like macro '__GNUC_PREREQ' is not defined
# if __GNUC_PREREQ (4, 9) || __glibc_has_attribute (__returns_nonnull__)
     ^
fatal error: too many errors emitted, stopping now [-ferror-limit=]
20 errors generated.
[13/33] Building CXX object JunebugGame/lib/junebug/CMakeFiles/junebug.dir/src/core/coreLoadActor.cpp.o
FAILED: JunebugGame/lib/junebug/CMakeFiles/junebug.dir/src/core/coreLoadActor.cpp.o 
/home/june/Android/Sdk/ndk/21.4.7075529/toolchains/llvm/prebuilt/linux-x86_64/bin/clang++ --target=aarch64-none-linux-android21 --gcc-toolchain=/home/june/Android/Sdk/ndk/21.4.7075529/toolchains/llvm/prebuilt/linux-x86_64 --sysroot=/home/june/Android/Sdk/ndk/21.4.7075529/toolchains/llvm/prebuilt/linux-x86_64/sysroot  -DSDL_JOYSTICK=0 -I../../../../../../../plugins/discord -I../../../../../../../include -I../../../../../../../lib/SDL_FontCache -I../../../../../../../lib/rapidjson/include -I../../../../../../../src -I/usr/include/SDL2 -I/usr/include/libpng16 -I/usr/include/x86_64-linux-gnu -I../../../../../../../lib/discord_game_sdk -g -DANDROID -fdata-sections -ffunction-sections -funwind-tables -fstack-protector-strong -no-canonical-prefixes -D_FORTIFY_SOURCE=2 -Wformat -Werror=format-security   -O0 -fno-limit-debug-info  -fPIC   -std=gnu++1z -MD -MT JunebugGame/lib/junebug/CMakeFiles/junebug.dir/src/core/coreLoadActor.cpp.o -MF JunebugGame/lib/junebug/CMakeFiles/junebug.dir/src/core/coreLoadActor.cpp.o.d -o JunebugGame/lib/junebug/CMakeFiles/junebug.dir/src/core/coreLoadActor.cpp.o -c /home/june/Desktop/kid-plus-soda/lib/junebug/src/core/coreLoadActor.cpp
In file included from /home/june/Desktop/kid-plus-soda/lib/junebug/src/core/coreLoadActor.cpp:2:
In file included from ../../../../../../../include/Game.h:10:
In file included from ../../../../../../../include/Utils.h:6:
In file included from ../../../../../../../include/MathLib.h:12:
In file included from /home/june/Android/Sdk/ndk/21.4.7075529/toolchains/llvm/prebuilt/linux-x86_64/sysroot/usr/include/c++/v1/cmath:303:
In file included from /home/june/Android/Sdk/ndk/21.4.7075529/toolchains/llvm/prebuilt/linux-x86_64/sysroot/usr/include/c++/v1/__config:215:
In file included from /home/june/Android/Sdk/ndk/21.4.7075529/toolchains/llvm/prebuilt/linux-x86_64/sysroot/usr/include/features.h:36:
/usr/include/x86_64-linux-gnu/sys/cdefs.h:64:6: error: function-like macro '__GNUC_PREREQ' is not defined
# if __GNUC_PREREQ (4, 6) && !defined _LIBC
     ^
/usr/include/x86_64-linux-gnu/sys/cdefs.h:78:10: error: function-like macro '__GNUC_PREREQ' is not defined
     && (__GNUC_PREREQ (3, 4) || __glibc_has_attribute (__nothrow__))
         ^
/usr/include/x86_64-linux-gnu/sys/cdefs.h:84:31: error: function-like macro '__GNUC_PREREQ' is not defined
#  if defined __cplusplus && (__GNUC_PREREQ (2,8) || __clang_major >= 4)
                              ^
/usr/include/x86_64-linux-gnu/sys/cdefs.h:146:34: error: function-like macro '__glibc_clang_prereq' is not defined
#if __USE_FORTIFY_LEVEL == 3 && (__glibc_clang_prereq (9, 0)                  \
                                 ^
/usr/include/x86_64-linux-gnu/sys/cdefs.h:202:5: error: function-like macro '__GNUC_PREREQ' is not defined
#if __GNUC_PREREQ (4,3)
    ^
/usr/include/x86_64-linux-gnu/sys/cdefs.h:218:7: error: function-like macro '__GNUC_PREREQ' is not defined
#elif __GNUC_PREREQ (2,97) || defined __clang__
      ^
/usr/include/x86_64-linux-gnu/sys/cdefs.h:280:5: error: function-like macro '__GNUC_PREREQ' is not defined
#if __GNUC_PREREQ (2,96) || __glibc_has_attribute (__malloc__)
    ^
/usr/include/x86_64-linux-gnu/sys/cdefs.h:288:5: error: function-like macro '__GNUC_PREREQ' is not defined
#if __GNUC_PREREQ (4, 3)
    ^
/usr/include/x86_64-linux-gnu/sys/cdefs.h:297:5: error: function-like macro '__GNUC_PREREQ' is not defined
#if __GNUC_PREREQ (4, 9) || __glibc_has_attribute (__alloc_align__)
    ^
/usr/include/x86_64-linux-gnu/sys/cdefs.h:307:5: error: function-like macro '__GNUC_PREREQ' is not defined
#if __GNUC_PREREQ (2,96) || __glibc_has_attribute (__pure__)
    ^
/usr/include/x86_64-linux-gnu/sys/cdefs.h:314:5: error: function-like macro '__GNUC_PREREQ' is not defined
#if __GNUC_PREREQ (2,5) || __glibc_has_attribute (__const__)
    ^
/usr/include/x86_64-linux-gnu/sys/cdefs.h:320:5: error: function-like macro '__GNUC_PREREQ' is not defined
#if __GNUC_PREREQ (2,7) || __glibc_has_attribute (__unused__)
    ^
/usr/include/x86_64-linux-gnu/sys/cdefs.h:329:5: error: function-like macro '__GNUC_PREREQ' is not defined
#if __GNUC_PREREQ (3,1) || __glibc_has_attribute (__used__)
    ^
/usr/include/x86_64-linux-gnu/sys/cdefs.h:338:5: error: function-like macro '__GNUC_PREREQ' is not defined
#if __GNUC_PREREQ (3,2) || __glibc_has_attribute (__deprecated__)
    ^
/usr/include/x86_64-linux-gnu/sys/cdefs.h:347:5: error: function-like macro '__GNUC_PREREQ' is not defined
#if __GNUC_PREREQ (4,5) \
    ^
/usr/include/x86_64-linux-gnu/sys/cdefs.h:361:5: error: function-like macro '__GNUC_PREREQ' is not defined
#if __GNUC_PREREQ (2,8) || __glibc_has_attribute (__format_arg__)
    ^
/usr/include/x86_64-linux-gnu/sys/cdefs.h:371:5: error: function-like macro '__GNUC_PREREQ' is not defined
#if __GNUC_PREREQ (2,97) || __glibc_has_attribute (__format__)
    ^
/usr/include/x86_64-linux-gnu/sys/cdefs.h:383:6: error: function-like macro '__GNUC_PREREQ' is not defined
# if __GNUC_PREREQ (3,3) || __glibc_has_attribute (__nonnull__)
     ^
/usr/include/x86_64-linux-gnu/sys/cdefs.h:396:6: error: function-like macro '__GNUC_PREREQ' is not defined
# if __GNUC_PREREQ (4, 9) || __glibc_has_attribute (__returns_nonnull__)
     ^
fatal error: too many errors emitted, stopping now [-ferror-limit=]
20 errors generated.
[14/33] Building CXX object JunebugGame/lib/junebug/CMakeFiles/junebug.dir/src/core/coreDefaultCallbacks.cpp.o
FAILED: JunebugGame/lib/junebug/CMakeFiles/junebug.dir/src/core/coreDefaultCallbacks.cpp.o 
/home/june/Android/Sdk/ndk/21.4.7075529/toolchains/llvm/prebuilt/linux-x86_64/bin/clang++ --target=aarch64-none-linux-android21 --gcc-toolchain=/home/june/Android/Sdk/ndk/21.4.7075529/toolchains/llvm/prebuilt/linux-x86_64 --sysroot=/home/june/Android/Sdk/ndk/21.4.7075529/toolchains/llvm/prebuilt/linux-x86_64/sysroot  -DSDL_JOYSTICK=0 -I../../../../../../../plugins/discord -I../../../../../../../include -I../../../../../../../lib/SDL_FontCache -I../../../../../../../lib/rapidjson/include -I../../../../../../../src -I/usr/include/SDL2 -I/usr/include/libpng16 -I/usr/include/x86_64-linux-gnu -I../../../../../../../lib/discord_game_sdk -g -DANDROID -fdata-sections -ffunction-sections -funwind-tables -fstack-protector-strong -no-canonical-prefixes -D_FORTIFY_SOURCE=2 -Wformat -Werror=format-security   -O0 -fno-limit-debug-info  -fPIC   -std=gnu++1z -MD -MT JunebugGame/lib/junebug/CMakeFiles/junebug.dir/src/core/coreDefaultCallbacks.cpp.o -MF JunebugGame/lib/junebug/CMakeFiles/junebug.dir/src/core/coreDefaultCallbacks.cpp.o.d -o JunebugGame/lib/junebug/CMakeFiles/junebug.dir/src/core/coreDefaultCallbacks.cpp.o -c /home/june/Desktop/kid-plus-soda/lib/junebug/src/core/coreDefaultCallbacks.cpp
In file included from /home/june/Desktop/kid-plus-soda/lib/junebug/src/core/coreDefaultCallbacks.cpp:1:
In file included from ../../../../../../../include/Game.h:10:
In file included from ../../../../../../../include/Utils.h:6:
In file included from ../../../../../../../include/MathLib.h:12:
In file included from /home/june/Android/Sdk/ndk/21.4.7075529/toolchains/llvm/prebuilt/linux-x86_64/sysroot/usr/include/c++/v1/cmath:303:
In file included from /home/june/Android/Sdk/ndk/21.4.7075529/toolchains/llvm/prebuilt/linux-x86_64/sysroot/usr/include/c++/v1/__config:215:
In file included from /home/june/Android/Sdk/ndk/21.4.7075529/toolchains/llvm/prebuilt/linux-x86_64/sysroot/usr/include/features.h:36:
/usr/include/x86_64-linux-gnu/sys/cdefs.h:64:6: error: function-like macro '__GNUC_PREREQ' is not defined
# if __GNUC_PREREQ (4, 6) && !defined _LIBC
     ^
/usr/include/x86_64-linux-gnu/sys/cdefs.h:78:10: error: function-like macro '__GNUC_PREREQ' is not defined
     && (__GNUC_PREREQ (3, 4) || __glibc_has_attribute (__nothrow__))
         ^
/usr/include/x86_64-linux-gnu/sys/cdefs.h:84:31: error: function-like macro '__GNUC_PREREQ' is not defined
#  if defined __cplusplus && (__GNUC_PREREQ (2,8) || __clang_major >= 4)
                              ^
/usr/include/x86_64-linux-gnu/sys/cdefs.h:146:34: error: function-like macro '__glibc_clang_prereq' is not defined
#if __USE_FORTIFY_LEVEL == 3 && (__glibc_clang_prereq (9, 0)                  \
                                 ^
/usr/include/x86_64-linux-gnu/sys/cdefs.h:202:5: error: function-like macro '__GNUC_PREREQ' is not defined
#if __GNUC_PREREQ (4,3)
    ^
/usr/include/x86_64-linux-gnu/sys/cdefs.h:218:7: error: function-like macro '__GNUC_PREREQ' is not defined
#elif __GNUC_PREREQ (2,97) || defined __clang__
      ^
/usr/include/x86_64-linux-gnu/sys/cdefs.h:280:5: error: function-like macro '__GNUC_PREREQ' is not defined
#if __GNUC_PREREQ (2,96) || __glibc_has_attribute (__malloc__)
    ^
/usr/include/x86_64-linux-gnu/sys/cdefs.h:288:5: error: function-like macro '__GNUC_PREREQ' is not defined
#if __GNUC_PREREQ (4, 3)
    ^
/usr/include/x86_64-linux-gnu/sys/cdefs.h:297:5: error: function-like macro '__GNUC_PREREQ' is not defined
#if __GNUC_PREREQ (4, 9) || __glibc_has_attribute (__alloc_align__)
    ^
/usr/include/x86_64-linux-gnu/sys/cdefs.h:307:5: error: function-like macro '__GNUC_PREREQ' is not defined
#if __GNUC_PREREQ (2,96) || __glibc_has_attribute (__pure__)
    ^
/usr/include/x86_64-linux-gnu/sys/cdefs.h:314:5: error: function-like macro '__GNUC_PREREQ' is not defined
#if __GNUC_PREREQ (2,5) || __glibc_has_attribute (__const__)
    ^
/usr/include/x86_64-linux-gnu/sys/cdefs.h:320:5: error: function-like macro '__GNUC_PREREQ' is not defined
#if __GNUC_PREREQ (2,7) || __glibc_has_attribute (__unused__)
    ^
/usr/include/x86_64-linux-gnu/sys/cdefs.h:329:5: error: function-like macro '__GNUC_PREREQ' is not defined
#if __GNUC_PREREQ (3,1) || __glibc_has_attribute (__used__)
    ^
/usr/include/x86_64-linux-gnu/sys/cdefs.h:338:5: error: function-like macro '__GNUC_PREREQ' is not defined
#if __GNUC_PREREQ (3,2) || __glibc_has_attribute (__deprecated__)
    ^
/usr/include/x86_64-linux-gnu/sys/cdefs.h:347:5: error: function-like macro '__GNUC_PREREQ' is not defined
#if __GNUC_PREREQ (4,5) \
    ^
/usr/include/x86_64-linux-gnu/sys/cdefs.h:361:5: error: function-like macro '__GNUC_PREREQ' is not defined
#if __GNUC_PREREQ (2,8) || __glibc_has_attribute (__format_arg__)
    ^
/usr/include/x86_64-linux-gnu/sys/cdefs.h:371:5: error: function-like macro '__GNUC_PREREQ' is not defined
#if __GNUC_PREREQ (2,97) || __glibc_has_attribute (__format__)
    ^
/usr/include/x86_64-linux-gnu/sys/cdefs.h:383:6: error: function-like macro '__GNUC_PREREQ' is not defined
# if __GNUC_PREREQ (3,3) || __glibc_has_attribute (__nonnull__)
     ^
/usr/include/x86_64-linux-gnu/sys/cdefs.h:396:6: error: function-like macro '__GNUC_PREREQ' is not defined
# if __GNUC_PREREQ (4, 9) || __glibc_has_attribute (__returns_nonnull__)
     ^
fatal error: too many errors emitted, stopping now [-ferror-limit=]
20 errors generated.
[15/33] Building CXX object JunebugGame/lib/junebug/CMakeFiles/junebug.dir/src/Utils/Twerp.cpp.o
FAILED: JunebugGame/lib/junebug/CMakeFiles/junebug.dir/src/Utils/Twerp.cpp.o 
/home/june/Android/Sdk/ndk/21.4.7075529/toolchains/llvm/prebuilt/linux-x86_64/bin/clang++ --target=aarch64-none-linux-android21 --gcc-toolchain=/home/june/Android/Sdk/ndk/21.4.7075529/toolchains/llvm/prebuilt/linux-x86_64 --sysroot=/home/june/Android/Sdk/ndk/21.4.7075529/toolchains/llvm/prebuilt/linux-x86_64/sysroot  -DSDL_JOYSTICK=0 -I../../../../../../../plugins/discord -I../../../../../../../include -I../../../../../../../lib/SDL_FontCache -I../../../../../../../lib/rapidjson/include -I../../../../../../../src -I/usr/include/SDL2 -I/usr/include/libpng16 -I/usr/include/x86_64-linux-gnu -I../../../../../../../lib/discord_game_sdk -g -DANDROID -fdata-sections -ffunction-sections -funwind-tables -fstack-protector-strong -no-canonical-prefixes -D_FORTIFY_SOURCE=2 -Wformat -Werror=format-security   -O0 -fno-limit-debug-info  -fPIC   -std=gnu++1z -MD -MT JunebugGame/lib/junebug/CMakeFiles/junebug.dir/src/Utils/Twerp.cpp.o -MF JunebugGame/lib/junebug/CMakeFiles/junebug.dir/src/Utils/Twerp.cpp.o.d -o JunebugGame/lib/junebug/CMakeFiles/junebug.dir/src/Utils/Twerp.cpp.o -c /home/june/Desktop/kid-plus-soda/lib/junebug/src/Utils/Twerp.cpp
In file included from /home/june/Desktop/kid-plus-soda/lib/junebug/src/Utils/Twerp.cpp:1:
In file included from ../../../../../../../include/Utils.h:6:
In file included from ../../../../../../../include/MathLib.h:12:
In file included from /home/june/Android/Sdk/ndk/21.4.7075529/toolchains/llvm/prebuilt/linux-x86_64/sysroot/usr/include/c++/v1/cmath:303:
In file included from /home/june/Android/Sdk/ndk/21.4.7075529/toolchains/llvm/prebuilt/linux-x86_64/sysroot/usr/include/c++/v1/__config:215:
In file included from /home/june/Android/Sdk/ndk/21.4.7075529/toolchains/llvm/prebuilt/linux-x86_64/sysroot/usr/include/features.h:36:
/usr/include/x86_64-linux-gnu/sys/cdefs.h:64:6: error: function-like macro '__GNUC_PREREQ' is not defined
# if __GNUC_PREREQ (4, 6) && !defined _LIBC
     ^
/usr/include/x86_64-linux-gnu/sys/cdefs.h:78:10: error: function-like macro '__GNUC_PREREQ' is not defined
     && (__GNUC_PREREQ (3, 4) || __glibc_has_attribute (__nothrow__))
         ^
/usr/include/x86_64-linux-gnu/sys/cdefs.h:84:31: error: function-like macro '__GNUC_PREREQ' is not defined
#  if defined __cplusplus && (__GNUC_PREREQ (2,8) || __clang_major >= 4)
                              ^
/usr/include/x86_64-linux-gnu/sys/cdefs.h:146:34: error: function-like macro '__glibc_clang_prereq' is not defined
#if __USE_FORTIFY_LEVEL == 3 && (__glibc_clang_prereq (9, 0)                  \
                                 ^
/usr/include/x86_64-linux-gnu/sys/cdefs.h:202:5: error: function-like macro '__GNUC_PREREQ' is not defined
#if __GNUC_PREREQ (4,3)
    ^
/usr/include/x86_64-linux-gnu/sys/cdefs.h:218:7: error: function-like macro '__GNUC_PREREQ' is not defined
#elif __GNUC_PREREQ (2,97) || defined __clang__
      ^
/usr/include/x86_64-linux-gnu/sys/cdefs.h:280:5: error: function-like macro '__GNUC_PREREQ' is not defined
#if __GNUC_PREREQ (2,96) || __glibc_has_attribute (__malloc__)
    ^
/usr/include/x86_64-linux-gnu/sys/cdefs.h:288:5: error: function-like macro '__GNUC_PREREQ' is not defined
#if __GNUC_PREREQ (4, 3)
    ^
/usr/include/x86_64-linux-gnu/sys/cdefs.h:297:5: error: function-like macro '__GNUC_PREREQ' is not defined
#if __GNUC_PREREQ (4, 9) || __glibc_has_attribute (__alloc_align__)
    ^
/usr/include/x86_64-linux-gnu/sys/cdefs.h:307:5: error: function-like macro '__GNUC_PREREQ' is not defined
#if __GNUC_PREREQ (2,96) || __glibc_has_attribute (__pure__)
    ^
/usr/include/x86_64-linux-gnu/sys/cdefs.h:314:5: error: function-like macro '__GNUC_PREREQ' is not defined
#if __GNUC_PREREQ (2,5) || __glibc_has_attribute (__const__)
    ^
/usr/include/x86_64-linux-gnu/sys/cdefs.h:320:5: error: function-like macro '__GNUC_PREREQ' is not defined
#if __GNUC_PREREQ (2,7) || __glibc_has_attribute (__unused__)
    ^
/usr/include/x86_64-linux-gnu/sys/cdefs.h:329:5: error: function-like macro '__GNUC_PREREQ' is not defined
#if __GNUC_PREREQ (3,1) || __glibc_has_attribute (__used__)
    ^
/usr/include/x86_64-linux-gnu/sys/cdefs.h:338:5: error: function-like macro '__GNUC_PREREQ' is not defined
#if __GNUC_PREREQ (3,2) || __glibc_has_attribute (__deprecated__)
    ^
/usr/include/x86_64-linux-gnu/sys/cdefs.h:347:5: error: function-like macro '__GNUC_PREREQ' is not defined
#if __GNUC_PREREQ (4,5) \
    ^
/usr/include/x86_64-linux-gnu/sys/cdefs.h:361:5: error: function-like macro '__GNUC_PREREQ' is not defined
#if __GNUC_PREREQ (2,8) || __glibc_has_attribute (__format_arg__)
    ^
/usr/include/x86_64-linux-gnu/sys/cdefs.h:371:5: error: function-like macro '__GNUC_PREREQ' is not defined
#if __GNUC_PREREQ (2,97) || __glibc_has_attribute (__format__)
    ^
/usr/include/x86_64-linux-gnu/sys/cdefs.h:383:6: error: function-like macro '__GNUC_PREREQ' is not defined
# if __GNUC_PREREQ (3,3) || __glibc_has_attribute (__nonnull__)
     ^
/usr/include/x86_64-linux-gnu/sys/cdefs.h:396:6: error: function-like macro '__GNUC_PREREQ' is not defined
# if __GNUC_PREREQ (4, 9) || __glibc_has_attribute (__returns_nonnull__)
     ^
fatal error: too many errors emitted, stopping now [-ferror-limit=]
20 errors generated.
[16/33] Building CXX object JunebugGame/lib/junebug/CMakeFiles/junebug.dir/src/core/Game.cpp.o
FAILED: JunebugGame/lib/junebug/CMakeFiles/junebug.dir/src/core/Game.cpp.o 
/home/june/Android/Sdk/ndk/21.4.7075529/toolchains/llvm/prebuilt/linux-x86_64/bin/clang++ --target=aarch64-none-linux-android21 --gcc-toolchain=/home/june/Android/Sdk/ndk/21.4.7075529/toolchains/llvm/prebuilt/linux-x86_64 --sysroot=/home/june/Android/Sdk/ndk/21.4.7075529/toolchains/llvm/prebuilt/linux-x86_64/sysroot  -DSDL_JOYSTICK=0 -I../../../../../../../plugins/discord -I../../../../../../../include -I../../../../../../../lib/SDL_FontCache -I../../../../../../../lib/rapidjson/include -I../../../../../../../src -I/usr/include/SDL2 -I/usr/include/libpng16 -I/usr/include/x86_64-linux-gnu -I../../../../../../../lib/discord_game_sdk -g -DANDROID -fdata-sections -ffunction-sections -funwind-tables -fstack-protector-strong -no-canonical-prefixes -D_FORTIFY_SOURCE=2 -Wformat -Werror=format-security   -O0 -fno-limit-debug-info  -fPIC   -std=gnu++1z -MD -MT JunebugGame/lib/junebug/CMakeFiles/junebug.dir/src/core/Game.cpp.o -MF JunebugGame/lib/junebug/CMakeFiles/junebug.dir/src/core/Game.cpp.o.d -o JunebugGame/lib/junebug/CMakeFiles/junebug.dir/src/core/Game.cpp.o -c /home/june/Desktop/kid-plus-soda/lib/junebug/src/core/Game.cpp
In file included from /home/june/Desktop/kid-plus-soda/lib/junebug/src/core/Game.cpp:1:
In file included from ../../../../../../../include/Game.h:10:
In file included from ../../../../../../../include/Utils.h:6:
In file included from ../../../../../../../include/MathLib.h:12:
In file included from /home/june/Android/Sdk/ndk/21.4.7075529/toolchains/llvm/prebuilt/linux-x86_64/sysroot/usr/include/c++/v1/cmath:303:
In file included from /home/june/Android/Sdk/ndk/21.4.7075529/toolchains/llvm/prebuilt/linux-x86_64/sysroot/usr/include/c++/v1/__config:215:
In file included from /home/june/Android/Sdk/ndk/21.4.7075529/toolchains/llvm/prebuilt/linux-x86_64/sysroot/usr/include/features.h:36:
/usr/include/x86_64-linux-gnu/sys/cdefs.h:64:6: error: function-like macro '__GNUC_PREREQ' is not defined
# if __GNUC_PREREQ (4, 6) && !defined _LIBC
     ^
/usr/include/x86_64-linux-gnu/sys/cdefs.h:78:10: error: function-like macro '__GNUC_PREREQ' is not defined
     && (__GNUC_PREREQ (3, 4) || __glibc_has_attribute (__nothrow__))
         ^
/usr/include/x86_64-linux-gnu/sys/cdefs.h:84:31: error: function-like macro '__GNUC_PREREQ' is not defined
#  if defined __cplusplus && (__GNUC_PREREQ (2,8) || __clang_major >= 4)
                              ^
/usr/include/x86_64-linux-gnu/sys/cdefs.h:146:34: error: function-like macro '__glibc_clang_prereq' is not defined
#if __USE_FORTIFY_LEVEL == 3 && (__glibc_clang_prereq (9, 0)                  \
                                 ^
/usr/include/x86_64-linux-gnu/sys/cdefs.h:202:5: error: function-like macro '__GNUC_PREREQ' is not defined
#if __GNUC_PREREQ (4,3)
    ^
/usr/include/x86_64-linux-gnu/sys/cdefs.h:218:7: error: function-like macro '__GNUC_PREREQ' is not defined
#elif __GNUC_PREREQ (2,97) || defined __clang__
      ^
/usr/include/x86_64-linux-gnu/sys/cdefs.h:280:5: error: function-like macro '__GNUC_PREREQ' is not defined
#if __GNUC_PREREQ (2,96) || __glibc_has_attribute (__malloc__)
    ^
/usr/include/x86_64-linux-gnu/sys/cdefs.h:288:5: error: function-like macro '__GNUC_PREREQ' is not defined
#if __GNUC_PREREQ (4, 3)
    ^
/usr/include/x86_64-linux-gnu/sys/cdefs.h:297:5: error: function-like macro '__GNUC_PREREQ' is not defined
#if __GNUC_PREREQ (4, 9) || __glibc_has_attribute (__alloc_align__)
    ^
/usr/include/x86_64-linux-gnu/sys/cdefs.h:307:5: error: function-like macro '__GNUC_PREREQ' is not defined
#if __GNUC_PREREQ (2,96) || __glibc_has_attribute (__pure__)
    ^
/usr/include/x86_64-linux-gnu/sys/cdefs.h:314:5: error: function-like macro '__GNUC_PREREQ' is not defined
#if __GNUC_PREREQ (2,5) || __glibc_has_attribute (__const__)
    ^
/usr/include/x86_64-linux-gnu/sys/cdefs.h:320:5: error: function-like macro '__GNUC_PREREQ' is not defined
#if __GNUC_PREREQ (2,7) || __glibc_has_attribute (__unused__)
    ^
/usr/include/x86_64-linux-gnu/sys/cdefs.h:329:5: error: function-like macro '__GNUC_PREREQ' is not defined
#if __GNUC_PREREQ (3,1) || __glibc_has_attribute (__used__)
    ^
/usr/include/x86_64-linux-gnu/sys/cdefs.h:338:5: error: function-like macro '__GNUC_PREREQ' is not defined
#if __GNUC_PREREQ (3,2) || __glibc_has_attribute (__deprecated__)
    ^
/usr/include/x86_64-linux-gnu/sys/cdefs.h:347:5: error: function-like macro '__GNUC_PREREQ' is not defined
#if __GNUC_PREREQ (4,5) \
    ^
/usr/include/x86_64-linux-gnu/sys/cdefs.h:361:5: error: function-like macro '__GNUC_PREREQ' is not defined
#if __GNUC_PREREQ (2,8) || __glibc_has_attribute (__format_arg__)
    ^
/usr/include/x86_64-linux-gnu/sys/cdefs.h:371:5: error: function-like macro '__GNUC_PREREQ' is not defined
#if __GNUC_PREREQ (2,97) || __glibc_has_attribute (__format__)
    ^
/usr/include/x86_64-linux-gnu/sys/cdefs.h:383:6: error: function-like macro '__GNUC_PREREQ' is not defined
# if __GNUC_PREREQ (3,3) || __glibc_has_attribute (__nonnull__)
     ^
/usr/include/x86_64-linux-gnu/sys/cdefs.h:396:6: error: function-like macro '__GNUC_PREREQ' is not defined
# if __GNUC_PREREQ (4, 9) || __glibc_has_attribute (__returns_nonnull__)
     ^
fatal error: too many errors emitted, stopping now [-ferror-limit=]
20 errors generated.
[17/33] Building CXX object JunebugGame/lib/junebug/CMakeFiles/junebug.dir/src/core/coreDebug.cpp.o
FAILED: JunebugGame/lib/junebug/CMakeFiles/junebug.dir/src/core/coreDebug.cpp.o 
/home/june/Android/Sdk/ndk/21.4.7075529/toolchains/llvm/prebuilt/linux-x86_64/bin/clang++ --target=aarch64-none-linux-android21 --gcc-toolchain=/home/june/Android/Sdk/ndk/21.4.7075529/toolchains/llvm/prebuilt/linux-x86_64 --sysroot=/home/june/Android/Sdk/ndk/21.4.7075529/toolchains/llvm/prebuilt/linux-x86_64/sysroot  -DSDL_JOYSTICK=0 -I../../../../../../../plugins/discord -I../../../../../../../include -I../../../../../../../lib/SDL_FontCache -I../../../../../../../lib/rapidjson/include -I../../../../../../../src -I/usr/include/SDL2 -I/usr/include/libpng16 -I/usr/include/x86_64-linux-gnu -I../../../../../../../lib/discord_game_sdk -g -DANDROID -fdata-sections -ffunction-sections -funwind-tables -fstack-protector-strong -no-canonical-prefixes -D_FORTIFY_SOURCE=2 -Wformat -Werror=format-security   -O0 -fno-limit-debug-info  -fPIC   -std=gnu++1z -MD -MT JunebugGame/lib/junebug/CMakeFiles/junebug.dir/src/core/coreDebug.cpp.o -MF JunebugGame/lib/junebug/CMakeFiles/junebug.dir/src/core/coreDebug.cpp.o.d -o JunebugGame/lib/junebug/CMakeFiles/junebug.dir/src/core/coreDebug.cpp.o -c /home/june/Desktop/kid-plus-soda/lib/junebug/src/core/coreDebug.cpp
In file included from /home/june/Desktop/kid-plus-soda/lib/junebug/src/core/coreDebug.cpp:1:
In file included from ../../../../../../../include/Game.h:10:
In file included from ../../../../../../../include/Utils.h:6:
In file included from ../../../../../../../include/MathLib.h:12:
In file included from /home/june/Android/Sdk/ndk/21.4.7075529/toolchains/llvm/prebuilt/linux-x86_64/sysroot/usr/include/c++/v1/cmath:303:
In file included from /home/june/Android/Sdk/ndk/21.4.7075529/toolchains/llvm/prebuilt/linux-x86_64/sysroot/usr/include/c++/v1/__config:215:
In file included from /home/june/Android/Sdk/ndk/21.4.7075529/toolchains/llvm/prebuilt/linux-x86_64/sysroot/usr/include/features.h:36:
/usr/include/x86_64-linux-gnu/sys/cdefs.h:64:6: error: function-like macro '__GNUC_PREREQ' is not defined
# if __GNUC_PREREQ (4, 6) && !defined _LIBC
     ^
/usr/include/x86_64-linux-gnu/sys/cdefs.h:78:10: error: function-like macro '__GNUC_PREREQ' is not defined
     && (__GNUC_PREREQ (3, 4) || __glibc_has_attribute (__nothrow__))
         ^
/usr/include/x86_64-linux-gnu/sys/cdefs.h:84:31: error: function-like macro '__GNUC_PREREQ' is not defined
#  if defined __cplusplus && (__GNUC_PREREQ (2,8) || __clang_major >= 4)
                              ^
/usr/include/x86_64-linux-gnu/sys/cdefs.h:146:34: error: function-like macro '__glibc_clang_prereq' is not defined
#if __USE_FORTIFY_LEVEL == 3 && (__glibc_clang_prereq (9, 0)                  \
                                 ^
/usr/include/x86_64-linux-gnu/sys/cdefs.h:202:5: error: function-like macro '__GNUC_PREREQ' is not defined
#if __GNUC_PREREQ (4,3)
    ^
/usr/include/x86_64-linux-gnu/sys/cdefs.h:218:7: error: function-like macro '__GNUC_PREREQ' is not defined
#elif __GNUC_PREREQ (2,97) || defined __clang__
      ^
/usr/include/x86_64-linux-gnu/sys/cdefs.h:280:5: error: function-like macro '__GNUC_PREREQ' is not defined
#if __GNUC_PREREQ (2,96) || __glibc_has_attribute (__malloc__)
    ^
/usr/include/x86_64-linux-gnu/sys/cdefs.h:288:5: error: function-like macro '__GNUC_PREREQ' is not defined
#if __GNUC_PREREQ (4, 3)
    ^
/usr/include/x86_64-linux-gnu/sys/cdefs.h:297:5: error: function-like macro '__GNUC_PREREQ' is not defined
#if __GNUC_PREREQ (4, 9) || __glibc_has_attribute (__alloc_align__)
    ^
/usr/include/x86_64-linux-gnu/sys/cdefs.h:307:5: error: function-like macro '__GNUC_PREREQ' is not defined
#if __GNUC_PREREQ (2,96) || __glibc_has_attribute (__pure__)
    ^
/usr/include/x86_64-linux-gnu/sys/cdefs.h:314:5: error: function-like macro '__GNUC_PREREQ' is not defined
#if __GNUC_PREREQ (2,5) || __glibc_has_attribute (__const__)
    ^
/usr/include/x86_64-linux-gnu/sys/cdefs.h:320:5: error: function-like macro '__GNUC_PREREQ' is not defined
#if __GNUC_PREREQ (2,7) || __glibc_has_attribute (__unused__)
    ^
/usr/include/x86_64-linux-gnu/sys/cdefs.h:329:5: error: function-like macro '__GNUC_PREREQ' is not defined
#if __GNUC_PREREQ (3,1) || __glibc_has_attribute (__used__)
    ^
/usr/include/x86_64-linux-gnu/sys/cdefs.h:338:5: error: function-like macro '__GNUC_PREREQ' is not defined
#if __GNUC_PREREQ (3,2) || __glibc_has_attribute (__deprecated__)
    ^
/usr/include/x86_64-linux-gnu/sys/cdefs.h:347:5: error: function-like macro '__GNUC_PREREQ' is not defined
#if __GNUC_PREREQ (4,5) \
    ^
/usr/include/x86_64-linux-gnu/sys/cdefs.h:361:5: error: function-like macro '__GNUC_PREREQ' is not defined
#if __GNUC_PREREQ (2,8) || __glibc_has_attribute (__format_arg__)
    ^
/usr/include/x86_64-linux-gnu/sys/cdefs.h:371:5: error: function-like macro '__GNUC_PREREQ' is not defined
#if __GNUC_PREREQ (2,97) || __glibc_has_attribute (__format__)
    ^
/usr/include/x86_64-linux-gnu/sys/cdefs.h:383:6: error: function-like macro '__GNUC_PREREQ' is not defined
# if __GNUC_PREREQ (3,3) || __glibc_has_attribute (__nonnull__)
     ^
/usr/include/x86_64-linux-gnu/sys/cdefs.h:396:6: error: function-like macro '__GNUC_PREREQ' is not defined
# if __GNUC_PREREQ (4, 9) || __glibc_has_attribute (__returns_nonnull__)
     ^
fatal error: too many errors emitted, stopping now [-ferror-limit=]
20 errors generated.
[18/33] Building CXX object JunebugGame/CMakeFiles/KidPlusSoda.dir/src/main.cpp.o
FAILED: JunebugGame/CMakeFiles/KidPlusSoda.dir/src/main.cpp.o 
/home/june/Android/Sdk/ndk/21.4.7075529/toolchains/llvm/prebuilt/linux-x86_64/bin/clang++ --target=aarch64-none-linux-android21 --gcc-toolchain=/home/june/Android/Sdk/ndk/21.4.7075529/toolchains/llvm/prebuilt/linux-x86_64 --sysroot=/home/june/Android/Sdk/ndk/21.4.7075529/toolchains/llvm/prebuilt/linux-x86_64/sysroot  -DKidPlusSoda_EXPORTS -I../../../../../../../plugins/discord -I../../../../../../../include -I../../../../../../../lib/SDL/include -I../../../../../../../lib/GLEW/include -I../../../../../../../lib/rapidjson/include -I../../../../../../../lib/SDL_FontCache -g -DANDROID -fdata-sections -ffunction-sections -funwind-tables -fstack-protector-strong -no-canonical-prefixes -D_FORTIFY_SOURCE=2 -Wformat -Werror=format-security   -O0 -fno-limit-debug-info  -fPIC -MD -MT JunebugGame/CMakeFiles/KidPlusSoda.dir/src/main.cpp.o -MF JunebugGame/CMakeFiles/KidPlusSoda.dir/src/main.cpp.o.d -o JunebugGame/CMakeFiles/KidPlusSoda.dir/src/main.cpp.o -c /home/june/Desktop/kid-plus-soda/src/main.cpp
In file included from /home/june/Desktop/kid-plus-soda/src/main.cpp:3:
In file included from ../../../../../../../include/junebug.h:1:
In file included from ../../../../../../../include/Game.h:10:
In file included from ../../../../../../../include/Utils.h:6:
../../../../../../../include/MathLib.h:925:10: error: use of class template 'Vec3' requires template arguments
                return Vec3(mat[3][0], mat[3][1], mat[3][2]);
                       ^
../../../../../../../include/MathLib.h:449:8: note: template is declared here
struct Vec3
       ^
../../../../../../../include/MathLib.h:931:33: error: use of class template 'Vec3' requires template arguments
                return Vec3<float>::Normalize(Vec3(mat[0][0], mat[0][1], mat[0][2]));
                                              ^
../../../../../../../include/MathLib.h:449:8: note: template is declared here
struct Vec3
       ^
../../../../../../../include/MathLib.h:937:33: error: use of class template 'Vec3' requires template arguments
                return Vec3<float>::Normalize(Vec3(mat[1][0], mat[1][1], mat[1][2]));
                                              ^
../../../../../../../include/MathLib.h:449:8: note: template is declared here
struct Vec3
       ^
../../../../../../../include/MathLib.h:943:33: error: use of class template 'Vec3' requires template arguments
                return Vec3<float>::Normalize(Vec3(mat[2][0], mat[2][1], mat[2][2]));
                                              ^
../../../../../../../include/MathLib.h:449:8: note: template is declared here
struct Vec3
       ^
../../../../../../../include/MathLib.h:949:3: error: use of class template 'Vec3' requires template arguments
                Vec3 retVal;
                ^
../../../../../../../include/MathLib.h:449:8: note: template is declared here
struct Vec3
       ^
../../../../../../../include/MathLib.h:950:14: error: use of class template 'Vec3' requires template arguments
                retVal.x = Vec3(mat[0][0], mat[0][1], mat[0][2]).Length();
                           ^
../../../../../../../include/MathLib.h:449:8: note: template is declared here
struct Vec3
       ^
../../../../../../../include/MathLib.h:951:14: error: use of class template 'Vec3' requires template arguments
                retVal.y = Vec3(mat[1][0], mat[1][1], mat[1][2]).Length();
                           ^
../../../../../../../include/MathLib.h:449:8: note: template is declared here
struct Vec3
       ^
../../../../../../../include/MathLib.h:952:14: error: use of class template 'Vec3' requires template arguments
                retVal.z = Vec3(mat[2][0], mat[2][1], mat[2][2]).Length();
                           ^
../../../../../../../include/MathLib.h:449:8: note: template is declared here
struct Vec3
       ^
In file included from /home/june/Desktop/kid-plus-soda/src/main.cpp:3:
In file included from ../../../../../../../include/junebug.h:1:
In file included from ../../../../../../../include/Game.h:10:
../../../../../../../include/Utils.h:46:38: warning: pack fold expression is a C++17 extension [-Wc++17-extensions]
        ((std::cout << args << ' '), ...) << std::endl;
                                     ^
../../../../../../../include/Utils.h:58:31: warning: pack fold expression is a C++17 extension [-Wc++17-extensions]
        ((std::cout << args), ...) << std::endl;
                              ^
../../../../../../../include/Utils.h:70:38: warning: pack fold expression is a C++17 extension [-Wc++17-extensions]
        ((std::cout << args << ' '), ...);
                                     ^
../../../../../../../include/Utils.h:90:42: warning: pack fold expression is a C++17 extension [-Wc++17-extensions]
        ((__logStream__ << args << ' '), ...) << std::endl;
                                         ^
In file included from /home/june/Desktop/kid-plus-soda/src/main.cpp:3:
In file included from ../../../../../../../include/junebug.h:1:
../../../../../../../include/Game.h:82:49: error: use of class template 'Vec2' requires template arguments
                Vec2<float> defaultCameraSize = Vec2(384.0f, 216.0f);
                                                ^
../../../../../../../include/MathLib.h:164:8: note: template is declared here
struct Vec2
       ^
In file included from /home/june/Desktop/kid-plus-soda/src/main.cpp:3:
In file included from ../../../../../../../include/junebug.h:1:
../../../../../../../include/Game.h:83:48: error: use of class template 'Vec2' requires template arguments
                Vec2<float> defaultCameraPos = Vec2(0.0f, 0.0f);
                                               ^
../../../../../../../include/MathLib.h:164:8: note: template is declared here
struct Vec2
       ^
In file included from /home/june/Desktop/kid-plus-soda/src/main.cpp:3:
In file included from ../../../../../../../include/junebug.h:1:
../../../../../../../include/Game.h:503:17: warning: inline variables are a C++17 extension [-Wc++17-extensions]
                inline static Game *firstGame = nullptr;
                ^
../../../../../../../include/Game.h:523:56: error: no matching function for call to 'round'
                system_clock::duration mInvTargetFps = round<system_clock::duration>(dsec{1. / 60});
                                                       ^~~~~~~~~~~~~~~~~~~~~~~~~~~~~
/home/june/Android/Sdk/ndk/21.4.7075529/toolchains/llvm/prebuilt/linux-x86_64/sysroot/usr/include/c++/v1/math.h:1514:1: note: candidate template ignored: requirement 'std::is_integral<std::__ndk1::chrono::duration<long long, std::__ndk1::ratio<1, 1000000> > >::value' was not satisfied [with _A1 = std::__ndk1::chrono::duration<long long, std::__ndk1::ratio<1, 1000000> >]
round(_A1 __lcpp_x) _NOEXCEPT {return ::round((double)__lcpp_x);}
^
In file included from /home/june/Desktop/kid-plus-soda/src/main.cpp:3:
In file included from ../../../../../../../include/junebug.h:1:
../../../../../../../include/Game.h:524:55: error: no matching function for call to 'round'
                system_clock::duration mSleepMargin = round<system_clock::duration>(dsec{1. / 1000});
                                                      ^~~~~~~~~~~~~~~~~~~~~~~~~~~~~
/home/june/Android/Sdk/ndk/21.4.7075529/toolchains/llvm/prebuilt/linux-x86_64/sysroot/usr/include/c++/v1/math.h:1514:1: note: candidate template ignored: requirement 'std::is_integral<std::__ndk1::chrono::duration<long long, std::__ndk1::ratio<1, 1000000> > >::value' was not satisfied [with _A1 = std::__ndk1::chrono::duration<long long, std::__ndk1::ratio<1, 1000000> >]
round(_A1 __lcpp_x) _NOEXCEPT {return ::round((double)__lcpp_x);}
^
In file included from /home/june/Desktop/kid-plus-soda/src/main.cpp:3:
In file included from ../../../../../../../include/junebug.h:13:
../../../../../../../include/components/TileIndividualCollider.h:19:14: warning: 'Intersects' overrides a member function but is not marked 'override' [-Winconsistent-missing-override]
        bool Intersects(Collider *other);
             ^
../../../../../../../include/components/Collider.h:24:22: note: overridden virtual function is here
        virtual bool Intersects(Collider *other) = 0;
                     ^
6 warnings and 12 errors generated.
ninja: build stopped: subcommand failed.
